#
# There is insufficient memory for the Java Runtime Environment to continue.
# Native memory allocation (mmap) failed to map 65536 bytes for Failed to commit metaspace.
# Possible reasons:
#   The system is out of physical RAM or swap space
#   The process is running with CompressedOops enabled, and the Java Heap may be blocking the growth of the native heap
# Possible solutions:
#   Reduce memory load on the system
#   Increase physical memory or swap space
#   Check if swap backing store is full
#   Decrease Java heap size (-Xmx/-Xms)
#   Decrease number of Java threads
#   Decrease Java thread stack sizes (-Xss)
#   Set larger code cache with -XX:ReservedCodeCacheSize=
#   JVM is running with Unscaled Compressed Oops mode in which the Java heap is
#     placed in the first 4GB address space. The Java Heap base address is the
#     maximum limit for the native heap growth. Please use -XX:HeapBaseMinAddress
#     to set the Java Heap base and to place the Java Heap above 4GB virtual address.
# This output file may be truncated or incomplete.
#
#  Out of Memory Error (virtualSpaceNode.cpp:110), pid=28292, tid=17688
#
# JRE version: Java(TM) SE Runtime Environment (17.0.10+11) (build 17.0.10+11-LTS-240)
# Java VM: Java HotSpot(TM) 64-Bit Server VM (17.0.10+11-LTS-240, mixed mode, sharing, tiered, compressed oops, compressed class ptrs, g1 gc, windows-amd64)
# No core dump will be written. Minidumps are not enabled by default on client versions of Windows
#

---------------  S U M M A R Y ------------

Command Line: -Xmx64m -Xms64m -Dorg.gradle.appname=gradlew org.gradle.wrapper.GradleWrapperMain app:installDebug -PreactNativeDevServerPort=8081

Host: 11th Gen Intel(R) Core(TM) i5-1155G7 @ 2.50GHz, 8 cores, 15G,  Windows 10 , 64 bit Build 19041 (10.0.19041.928)
Time: Thu Jan 25 13:18:53 2024 Central Standard Time elapsed time: 0.521019 seconds (0d 0h 0m 0s)

---------------  T H R E A D  ---------------

Current thread (0x000001f34684b5d0):  JavaThread "pool-1-thread-1" [_thread_in_vm, id=17688, stack(0x000000b614740000,0x000000b614840000)]

Stack: [0x000000b614740000,0x000000b614840000]
Native frames: (J=compiled Java code, j=interpreted, Vv=VM code, C=native code)
V  [jvm.dll+0x677a5a]
V  [jvm.dll+0x7d8b2d]
V  [jvm.dll+0x7da48e]
V  [jvm.dll+0x7daaf3]
V  [jvm.dll+0x2455ff]
V  [jvm.dll+0x7d483b]
V  [jvm.dll+0x61dc06]
V  [jvm.dll+0x1bfa87]
V  [jvm.dll+0x620570]
V  [jvm.dll+0x61e5c6]
V  [jvm.dll+0x23b031]
V  [jvm.dll+0x1e9d67]
V  [jvm.dll+0x1dfa01]
V  [jvm.dll+0x53d58c]
V  [jvm.dll+0x753438]
V  [jvm.dll+0x753524]
V  [jvm.dll+0x40babf]
V  [jvm.dll+0x411a89]
C  [java.dll+0x17ec]

Java frames: (J=compiled Java code, j=interpreted, Vv=VM code)
J 783  java.lang.ClassLoader.defineClass1(Ljava/lang/ClassLoader;Ljava/lang/String;[BIILjava/security/ProtectionDomain;Ljava/lang/String;)Ljava/lang/Class; java.base@17.0.10 (0 bytes) @ 0x000001f375e6a563 [0x000001f375e6a4a0+0x00000000000000c3]
J 913 c1 java.lang.ClassLoader.defineClass(Ljava/lang/String;[BIILjava/security/ProtectionDomain;)Ljava/lang/Class; java.base@17.0.10 (43 bytes) @ 0x000001f36e5021d4 [0x000001f36e501e80+0x0000000000000354]
J 902 c1 java.security.SecureClassLoader.defineClass(Ljava/lang/String;[BIILjava/security/CodeSource;)Ljava/lang/Class; java.base@17.0.10 (16 bytes) @ 0x000001f36e4fbd8c [0x000001f36e4fbcc0+0x00000000000000cc]
J 865 c1 java.net.URLClassLoader.defineClass(Ljava/lang/String;Ljdk/internal/loader/Resource;)Ljava/lang/Class; java.base@17.0.10 (224 bytes) @ 0x000001f36e4ece44 [0x000001f36e4eb3c0+0x0000000000001a84]
J 748 c1 java.net.URLClassLoader$1.run()Ljava/lang/Class; java.base@17.0.10 (81 bytes) @ 0x000001f36e4a31dc [0x000001f36e4a25a0+0x0000000000000c3c]
J 747 c1 java.net.URLClassLoader$1.run()Ljava/lang/Object; java.base@17.0.10 (5 bytes) @ 0x000001f36e4a20c4 [0x000001f36e4a2040+0x0000000000000084]
J 639 c1 java.security.AccessController.doPrivileged(Ljava/security/PrivilegedExceptionAction;Ljava/security/AccessControlContext;)Ljava/lang/Object; java.base@17.0.10 (26 bytes) @ 0x000001f36e4628fc [0x000001f36e462720+0x00000000000001dc]
J 704 c1 java.net.URLClassLoader.findClass(Ljava/lang/String;)Ljava/lang/Class; java.base@17.0.10 (47 bytes) @ 0x000001f36e48c81c [0x000001f36e48c680+0x000000000000019c]
J 600 c1 java.lang.ClassLoader.loadClass(Ljava/lang/String;Z)Ljava/lang/Class; java.base@17.0.10 (121 bytes) @ 0x000001f36e44cef4 [0x000001f36e44c940+0x00000000000005b4]
J 587 c1 java.lang.ClassLoader.loadClass(Ljava/lang/String;)Ljava/lang/Class; java.base@17.0.10 (7 bytes) @ 0x000001f36e443bcc [0x000001f36e443ac0+0x000000000000010c]
v  ~StubRoutines::call_stub
j  com.google.common.collect.AbstractIterator.<init>()V+5
j  com.google.common.collect.Iterators$5.<init>(Ljava/util/Iterator;Lcom/google/common/base/Predicate;)V+11
j  com.google.common.collect.Iterators.filter(Ljava/util/Iterator;Lcom/google/common/base/Predicate;)Lcom/google/common/collect/UnmodifiableIterator;+16
j  com.google.common.collect.Iterables$4.iterator()Ljava/util/Iterator;+13
j  com.google.common.collect.Iterables$5.iterator()Ljava/util/Iterator;+4
j  com.google.common.collect.Sets.newHashSet(Ljava/lang/Iterable;)Ljava/util/HashSet;+22
j  org.gradle.internal.logging.console.WorkInProgressRenderer.toOperationIdSet(Ljava/lang/Iterable;)Ljava/util/Set;+12
j  org.gradle.internal.logging.console.WorkInProgressRenderer.renderNow()V+23
j  org.gradle.internal.logging.console.WorkInProgressRenderer.onOutput(Lorg/gradle/internal/logging/events/OutputEvent;)V+19
j  org.gradle.internal.logging.console.BuildStatusRenderer.onOutput(Lorg/gradle/internal/logging/events/OutputEvent;)V+293
j  org.gradle.internal.logging.console.AbstractUserInputRenderer.onOutput(Lorg/gradle/internal/logging/events/OutputEvent;)V+64
j  org.gradle.internal.logging.console.ThrottlingOutputEventListener.renderNow()V+31
j  org.gradle.internal.logging.console.ThrottlingOutputEventListener.onOutput(Lorg/gradle/internal/logging/events/OutputEvent;)V+41
j  org.gradle.internal.logging.console.ThrottlingOutputEventListener$1.run()V+23
j  java.util.concurrent.Executors$RunnableAdapter.call()Ljava/lang/Object;+4 java.base@17.0.10
j  java.util.concurrent.FutureTask.runAndReset()Z+44 java.base@17.0.10
j  java.util.concurrent.ScheduledThreadPoolExecutor$ScheduledFutureTask.run()V+35 java.base@17.0.10
j  java.util.concurrent.ThreadPoolExecutor.runWorker(Ljava/util/concurrent/ThreadPoolExecutor$Worker;)V+92 java.base@17.0.10
j  java.util.concurrent.ThreadPoolExecutor$Worker.run()V+5 java.base@17.0.10
j  java.lang.Thread.run()V+11 java.base@17.0.10
v  ~StubRoutines::call_stub

---------------  P R O C E S S  ---------------

Threads class SMR info:
_java_thread_list=0x000001f3467f7a00, length=15, elements={
0x000001f366a95e40, 0x000001f3002315d0, 0x000001f3002320a0, 0x000001f300245b90,
0x000001f300248570, 0x000001f30024ae50, 0x000001f30024b720, 0x000001f30024c7e0,
0x000001f30024d1a0, 0x000001f30025afd0, 0x000001f300489a90, 0x000001f30048af90,
0x000001f300684910, 0x000001f30083e1d0, 0x000001f34684b5d0
}

Java Threads: ( => current thread )
  0x000001f366a95e40 JavaThread "main" [_thread_in_vm, id=33040, stack(0x000000b612500000,0x000000b612600000)]
  0x000001f3002315d0 JavaThread "Reference Handler" daemon [_thread_blocked, id=27064, stack(0x000000b612c00000,0x000000b612d00000)]
  0x000001f3002320a0 JavaThread "Finalizer" daemon [_thread_blocked, id=32640, stack(0x000000b612d00000,0x000000b612e00000)]
  0x000001f300245b90 JavaThread "Signal Dispatcher" daemon [_thread_blocked, id=30560, stack(0x000000b612e00000,0x000000b612f00000)]
  0x000001f300248570 JavaThread "Attach Listener" daemon [_thread_blocked, id=7712, stack(0x000000b612f00000,0x000000b613000000)]
  0x000001f30024ae50 JavaThread "Service Thread" daemon [_thread_blocked, id=32756, stack(0x000000b613000000,0x000000b613100000)]
  0x000001f30024b720 JavaThread "Monitor Deflation Thread" daemon [_thread_blocked, id=31160, stack(0x000000b613100000,0x000000b613200000)]
  0x000001f30024c7e0 JavaThread "C2 CompilerThread0" daemon [_thread_blocked, id=20100, stack(0x000000b613200000,0x000000b613300000)]
  0x000001f30024d1a0 JavaThread "C1 CompilerThread0" daemon [_thread_blocked, id=17000, stack(0x000000b613300000,0x000000b613400000)]
  0x000001f30025afd0 JavaThread "Sweeper thread" daemon [_thread_blocked, id=31740, stack(0x000000b613400000,0x000000b613500000)]
  0x000001f300489a90 JavaThread "Notification Thread" daemon [_thread_blocked, id=14296, stack(0x000000b613500000,0x000000b613600000)]
  0x000001f30048af90 JavaThread "Common-Cleaner" daemon [_thread_blocked, id=13156, stack(0x000000b613700000,0x000000b613800000)]
  0x000001f300684910 JavaThread "C2 CompilerThread1" daemon [_thread_blocked, id=23700, stack(0x000000b614000000,0x000000b614100000)]
  0x000001f30083e1d0 JavaThread "C2 CompilerThread2" daemon [_thread_blocked, id=26992, stack(0x000000b614240000,0x000000b614340000)]
=>0x000001f34684b5d0 JavaThread "pool-1-thread-1" [_thread_in_vm, id=17688, stack(0x000000b614740000,0x000000b614840000)]

Other Threads:
  0x000001f30022b810 VMThread "VM Thread" [stack: 0x000000b612b00000,0x000000b612c00000] [id=30488]
  0x000001f366ac9340 WatcherThread [stack: 0x000000b613600000,0x000000b613700000] [id=3784]
  0x000001f366ab7780 GCTaskThread "GC Thread#0" [stack: 0x000000b612600000,0x000000b612700000] [id=20700]
  0x000001f3007d1fc0 GCTaskThread "GC Thread#1" [stack: 0x000000b614340000,0x000000b614440000] [id=30464]
  0x000001f346057480 GCTaskThread "GC Thread#2" [stack: 0x000000b614440000,0x000000b614540000] [id=27872]
  0x000001f346807990 GCTaskThread "GC Thread#3" [stack: 0x000000b614540000,0x000000b614640000] [id=26088]
  0x000001f346807c50 GCTaskThread "GC Thread#4" [stack: 0x000000b614640000,0x000000b614740000] [id=32060]
  0x000001f366ab8de0 ConcurrentGCThread "G1 Main Marker" [stack: 0x000000b612700000,0x000000b612800000] [id=29316]
  0x000001f366ab9700 ConcurrentGCThread "G1 Conc#0" [stack: 0x000000b612800000,0x000000b612900000] [id=31908]
  0x000001f366b1c9e0 ConcurrentGCThread "G1 Refine#0" [stack: 0x000000b612900000,0x000000b612a00000] [id=2004]
  0x000001f366b1d320 ConcurrentGCThread "G1 Service" [stack: 0x000000b612a00000,0x000000b612b00000] [id=10156]

Threads with active compile tasks:

VM state: not at safepoint (normal execution)

VM Mutex/Monitor currently owned by a thread:  ([mutex/lock_event])
[0x000001f366a90c00] Metaspace_lock - owner thread: 0x000001f34684b5d0

Heap address: 0x00000000fc000000, size: 64 MB, Compressed Oops mode: 32-bit

CDS archive(s) mapped at: [0x000001f301000000-0x000001f301bd0000-0x000001f301bd0000), size 12386304, SharedBaseAddress: 0x000001f301000000, ArchiveRelocationMode: 1.
Compressed class space mapped at: 0x000001f302000000-0x000001f342000000, reserved size: 1073741824
Narrow klass base: 0x000001f301000000, Narrow klass shift: 0, Narrow klass range: 0x100000000

GC Precious Log:
 CPUs: 8 total, 8 available
 Memory: 16167M
 Large Page Support: Disabled
 NUMA Support: Disabled
 Compressed Oops: Enabled (32-bit)
 Heap Region Size: 1M
 Heap Min Capacity: 64M
 Heap Initial Capacity: 64M
 Heap Max Capacity: 64M
 Pre-touch: Disabled
 Parallel Workers: 8
 Concurrent Workers: 2
 Concurrent Refinement Workers: 8
 Periodic GC: Disabled

Heap:
 garbage-first heap   total 65536K, used 19616K [0x00000000fc000000, 0x0000000100000000)
  region size 1024K, 14 young (14336K), 3 survivors (3072K)
 Metaspace       used 6554K, committed 6656K, reserved 1114112K
  class space    used 916K, committed 960K, reserved 1048576K

Heap Regions: E=young(eden), S=young(survivor), O=old, HS=humongous(starts), HC=humongous(continues), CS=collection set, F=free, OA=open archive, CA=closed archive, TAMS=top-at-mark-start (previous, next)
|   0|0x00000000fc000000, 0x00000000fc000000, 0x00000000fc100000|  0%| F|  |TAMS 0x00000000fc000000, 0x00000000fc000000| Untracked 
|   1|0x00000000fc100000, 0x00000000fc100000, 0x00000000fc200000|  0%| F|  |TAMS 0x00000000fc100000, 0x00000000fc100000| Untracked 
|   2|0x00000000fc200000, 0x00000000fc200000, 0x00000000fc300000|  0%| F|  |TAMS 0x00000000fc200000, 0x00000000fc200000| Untracked 
|   3|0x00000000fc300000, 0x00000000fc400000, 0x00000000fc400000|100%|HS|  |TAMS 0x00000000fc300000, 0x00000000fc300000| Complete 
|   4|0x00000000fc400000, 0x00000000fc500000, 0x00000000fc500000|100%|HC|  |TAMS 0x00000000fc400000, 0x00000000fc400000| Complete 
|   5|0x00000000fc500000, 0x00000000fc600000, 0x00000000fc600000|100%|HC|  |TAMS 0x00000000fc500000, 0x00000000fc500000| Complete 
|   6|0x00000000fc600000, 0x00000000fc700000, 0x00000000fc700000|100%| O|  |TAMS 0x00000000fc600000, 0x00000000fc600000| Untracked 
|   7|0x00000000fc700000, 0x00000000fc800000, 0x00000000fc800000|100%| O|  |TAMS 0x00000000fc700000, 0x00000000fc700000| Untracked 
|   8|0x00000000fc800000, 0x00000000fc900000, 0x00000000fc900000|100%| O|  |TAMS 0x00000000fc800000, 0x00000000fc800000| Untracked 
|   9|0x00000000fc900000, 0x00000000fc928000, 0x00000000fca00000| 15%| O|  |TAMS 0x00000000fc900000, 0x00000000fc900000| Untracked 
|  10|0x00000000fca00000, 0x00000000fca00000, 0x00000000fcb00000|  0%| F|  |TAMS 0x00000000fca00000, 0x00000000fca00000| Untracked 
|  11|0x00000000fcb00000, 0x00000000fcb00000, 0x00000000fcc00000|  0%| F|  |TAMS 0x00000000fcb00000, 0x00000000fcb00000| Untracked 
|  12|0x00000000fcc00000, 0x00000000fcc00000, 0x00000000fcd00000|  0%| F|  |TAMS 0x00000000fcc00000, 0x00000000fcc00000| Untracked 
|  13|0x00000000fcd00000, 0x00000000fcd00000, 0x00000000fce00000|  0%| F|  |TAMS 0x00000000fcd00000, 0x00000000fcd00000| Untracked 
|  14|0x00000000fce00000, 0x00000000fce00000, 0x00000000fcf00000|  0%| F|  |TAMS 0x00000000fce00000, 0x00000000fce00000| Untracked 
|  15|0x00000000fcf00000, 0x00000000fcf00000, 0x00000000fd000000|  0%| F|  |TAMS 0x00000000fcf00000, 0x00000000fcf00000| Untracked 
|  16|0x00000000fd000000, 0x00000000fd000000, 0x00000000fd100000|  0%| F|  |TAMS 0x00000000fd000000, 0x00000000fd000000| Untracked 
|  17|0x00000000fd100000, 0x00000000fd100000, 0x00000000fd200000|  0%| F|  |TAMS 0x00000000fd100000, 0x00000000fd100000| Untracked 
|  18|0x00000000fd200000, 0x00000000fd200000, 0x00000000fd300000|  0%| F|  |TAMS 0x00000000fd200000, 0x00000000fd200000| Untracked 
|  19|0x00000000fd300000, 0x00000000fd300000, 0x00000000fd400000|  0%| F|  |TAMS 0x00000000fd300000, 0x00000000fd300000| Untracked 
|  20|0x00000000fd400000, 0x00000000fd400000, 0x00000000fd500000|  0%| F|  |TAMS 0x00000000fd400000, 0x00000000fd400000| Untracked 
|  21|0x00000000fd500000, 0x00000000fd500000, 0x00000000fd600000|  0%| F|  |TAMS 0x00000000fd500000, 0x00000000fd500000| Untracked 
|  22|0x00000000fd600000, 0x00000000fd600000, 0x00000000fd700000|  0%| F|  |TAMS 0x00000000fd600000, 0x00000000fd600000| Untracked 
|  23|0x00000000fd700000, 0x00000000fd700000, 0x00000000fd800000|  0%| F|  |TAMS 0x00000000fd700000, 0x00000000fd700000| Untracked 
|  24|0x00000000fd800000, 0x00000000fd800000, 0x00000000fd900000|  0%| F|  |TAMS 0x00000000fd800000, 0x00000000fd800000| Untracked 
|  25|0x00000000fd900000, 0x00000000fd900000, 0x00000000fda00000|  0%| F|  |TAMS 0x00000000fd900000, 0x00000000fd900000| Untracked 
|  26|0x00000000fda00000, 0x00000000fda00000, 0x00000000fdb00000|  0%| F|  |TAMS 0x00000000fda00000, 0x00000000fda00000| Untracked 
|  27|0x00000000fdb00000, 0x00000000fdb00000, 0x00000000fdc00000|  0%| F|  |TAMS 0x00000000fdb00000, 0x00000000fdb00000| Untracked 
|  28|0x00000000fdc00000, 0x00000000fdc00000, 0x00000000fdd00000|  0%| F|  |TAMS 0x00000000fdc00000, 0x00000000fdc00000| Untracked 
|  29|0x00000000fdd00000, 0x00000000fdd00000, 0x00000000fde00000|  0%| F|  |TAMS 0x00000000fdd00000, 0x00000000fdd00000| Untracked 
|  30|0x00000000fde00000, 0x00000000fde00000, 0x00000000fdf00000|  0%| F|  |TAMS 0x00000000fde00000, 0x00000000fde00000| Untracked 
|  31|0x00000000fdf00000, 0x00000000fdf00000, 0x00000000fe000000|  0%| F|  |TAMS 0x00000000fdf00000, 0x00000000fdf00000| Untracked 
|  32|0x00000000fe000000, 0x00000000fe000000, 0x00000000fe100000|  0%| F|  |TAMS 0x00000000fe000000, 0x00000000fe000000| Untracked 
|  33|0x00000000fe100000, 0x00000000fe100000, 0x00000000fe200000|  0%| F|  |TAMS 0x00000000fe100000, 0x00000000fe100000| Untracked 
|  34|0x00000000fe200000, 0x00000000fe200000, 0x00000000fe300000|  0%| F|  |TAMS 0x00000000fe200000, 0x00000000fe200000| Untracked 
|  35|0x00000000fe300000, 0x00000000fe300000, 0x00000000fe400000|  0%| F|  |TAMS 0x00000000fe300000, 0x00000000fe300000| Untracked 
|  36|0x00000000fe400000, 0x00000000fe400000, 0x00000000fe500000|  0%| F|  |TAMS 0x00000000fe400000, 0x00000000fe400000| Untracked 
|  37|0x00000000fe500000, 0x00000000fe500000, 0x00000000fe600000|  0%| F|  |TAMS 0x00000000fe500000, 0x00000000fe500000| Untracked 
|  38|0x00000000fe600000, 0x00000000fe700000, 0x00000000fe700000|100%| S|CS|TAMS 0x00000000fe600000, 0x00000000fe600000| Complete 
|  39|0x00000000fe700000, 0x00000000fe800000, 0x00000000fe800000|100%| S|CS|TAMS 0x00000000fe700000, 0x00000000fe700000| Complete 
|  40|0x00000000fe800000, 0x00000000fe900000, 0x00000000fe900000|100%| S|CS|TAMS 0x00000000fe800000, 0x00000000fe800000| Complete 
|  41|0x00000000fe900000, 0x00000000fe900000, 0x00000000fea00000|  0%| F|  |TAMS 0x00000000fe900000, 0x00000000fe900000| Untracked 
|  42|0x00000000fea00000, 0x00000000fea00000, 0x00000000feb00000|  0%| F|  |TAMS 0x00000000fea00000, 0x00000000fea00000| Untracked 
|  43|0x00000000feb00000, 0x00000000feb00000, 0x00000000fec00000|  0%| F|  |TAMS 0x00000000feb00000, 0x00000000feb00000| Untracked 
|  44|0x00000000fec00000, 0x00000000fec00000, 0x00000000fed00000|  0%| F|  |TAMS 0x00000000fec00000, 0x00000000fec00000| Untracked 
|  45|0x00000000fed00000, 0x00000000fed00000, 0x00000000fee00000|  0%| F|  |TAMS 0x00000000fed00000, 0x00000000fed00000| Untracked 
|  46|0x00000000fee00000, 0x00000000fee00000, 0x00000000fef00000|  0%| F|  |TAMS 0x00000000fee00000, 0x00000000fee00000| Untracked 
|  47|0x00000000fef00000, 0x00000000fef00000, 0x00000000ff000000|  0%| F|  |TAMS 0x00000000fef00000, 0x00000000fef00000| Untracked 
|  48|0x00000000ff000000, 0x00000000ff000000, 0x00000000ff100000|  0%| F|  |TAMS 0x00000000ff000000, 0x00000000ff000000| Untracked 
|  49|0x00000000ff100000, 0x00000000ff100000, 0x00000000ff200000|  0%| F|  |TAMS 0x00000000ff100000, 0x00000000ff100000| Untracked 
|  50|0x00000000ff200000, 0x00000000ff200000, 0x00000000ff300000|  0%| F|  |TAMS 0x00000000ff200000, 0x00000000ff200000| Untracked 
|  51|0x00000000ff300000, 0x00000000ff300000, 0x00000000ff400000|  0%| F|  |TAMS 0x00000000ff300000, 0x00000000ff300000| Untracked 
|  52|0x00000000ff400000, 0x00000000ff400000, 0x00000000ff500000|  0%| F|  |TAMS 0x00000000ff400000, 0x00000000ff400000| Untracked 
|  53|0x00000000ff500000, 0x00000000ff575600, 0x00000000ff600000| 45%| E|  |TAMS 0x00000000ff500000, 0x00000000ff500000| Complete 
|  54|0x00000000ff600000, 0x00000000ff700000, 0x00000000ff700000|100%| E|CS|TAMS 0x00000000ff600000, 0x00000000ff600000| Complete 
|  55|0x00000000ff700000, 0x00000000ff800000, 0x00000000ff800000|100%| E|CS|TAMS 0x00000000ff700000, 0x00000000ff700000| Complete 
|  56|0x00000000ff800000, 0x00000000ff900000, 0x00000000ff900000|100%| E|CS|TAMS 0x00000000ff800000, 0x00000000ff800000| Complete 
|  57|0x00000000ff900000, 0x00000000ffa00000, 0x00000000ffa00000|100%| E|CS|TAMS 0x00000000ff900000, 0x00000000ff900000| Complete 
|  58|0x00000000ffa00000, 0x00000000ffb00000, 0x00000000ffb00000|100%| E|CS|TAMS 0x00000000ffa00000, 0x00000000ffa00000| Complete 
|  59|0x00000000ffb00000, 0x00000000ffc00000, 0x00000000ffc00000|100%| E|CS|TAMS 0x00000000ffb00000, 0x00000000ffb00000| Complete 
|  60|0x00000000ffc00000, 0x00000000ffd00000, 0x00000000ffd00000|100%| E|CS|TAMS 0x00000000ffc00000, 0x00000000ffc00000| Complete 
|  61|0x00000000ffd00000, 0x00000000ffe00000, 0x00000000ffe00000|100%| E|CS|TAMS 0x00000000ffd00000, 0x00000000ffd00000| Complete 
|  62|0x00000000ffe00000, 0x00000000fff00000, 0x00000000fff00000|100%| E|CS|TAMS 0x00000000ffe00000, 0x00000000ffe00000| Complete 
|  63|0x00000000fff00000, 0x0000000100000000, 0x0000000100000000|100%| E|CS|TAMS 0x00000000fff00000, 0x00000000fff00000| Complete 

Card table byte_map: [0x000001f364a00000,0x000001f364a20000] _byte_map_base: 0x000001f364220000

Marking Bits (Prev, Next): (CMBitMap*) 0x000001f366ab7cb0, (CMBitMap*) 0x000001f366ab7cf0
 Prev Bits: [0x000001f37d680000, 0x000001f37d780000)
 Next Bits: [0x000001f37d780000, 0x000001f37d880000)

Polling page: 0x000001f3648b0000

Metaspace:

Usage:
  Non-class:      5.51 MB used.
      Class:    916.66 KB used.
       Both:      6.40 MB used.

Virtual space:
  Non-class space:       64.00 MB reserved,       5.56 MB (  9%) committed,  1 nodes.
      Class space:        1.00 GB reserved,     960.00 KB ( <1%) committed,  1 nodes.
             Both:        1.06 GB reserved,       6.50 MB ( <1%) committed. 

Chunk freelists:
   Non-Class:  8.86 MB
       Class:  15.08 MB
        Both:  23.94 MB

MaxMetaspaceSize: unlimited
CompressedClassSpaceSize: 1.00 GB
Initial GC threshold: 21.00 MB
Current GC threshold: 21.00 MB
CDS: on
MetaspaceReclaimPolicy: balanced
 - commit_granule_bytes: 65536.
 - commit_granule_words: 8192.
 - virtual_space_node_default_size: 8388608.
 - enlarge_chunks_in_place: 1.
 - new_chunks_are_fully_committed: 0.
 - uncommit_free_chunks: 1.
 - use_allocation_guard: 0.
 - handle_deallocations: 1.


Internal statistics:

num_allocs_failed_limit: 0.
num_arena_births: 64.
num_arena_deaths: 0.
num_vsnodes_births: 2.
num_vsnodes_deaths: 0.
num_space_committed: 104.
num_space_uncommitted: 0.
num_chunks_returned_to_freelist: 0.
num_chunks_taken_from_freelist: 238.
num_chunk_merges: 0.
num_chunk_splits: 167.
num_chunks_enlarged: 143.
num_inconsistent_stats: 0.

CodeHeap 'non-profiled nmethods': size=120000Kb used=443Kb max_used=443Kb free=119556Kb
 bounds [0x000001f375e20000, 0x000001f376090000, 0x000001f37d350000]
CodeHeap 'profiled nmethods': size=120000Kb used=1973Kb max_used=1973Kb free=118026Kb
 bounds [0x000001f36e350000, 0x000001f36e5c0000, 0x000001f375880000]
CodeHeap 'non-nmethods': size=5760Kb used=1160Kb max_used=1177Kb free=4599Kb
 bounds [0x000001f375880000, 0x000001f375af0000, 0x000001f375e20000]
 total_blobs=1504 nmethods=1065 adapters=352
 compilation: enabled
              stopped_count=0, restarted_count=0
 full_count=0

Compilation events (20 events):
Event: 0.511 Thread 0x000001f30024d1a0 1057       3       jdk.internal.org.objectweb.asm.Frame::getInputStackSize (6 bytes)
Event: 0.511 Thread 0x000001f30024d1a0 nmethod 1057 0x000001f36e538b90 code [0x000001f36e538d20, 0x000001f36e538e38]
Event: 0.511 Thread 0x000001f30024d1a0 1058       3       java.lang.reflect.AccessibleObject::<init> (5 bytes)
Event: 0.511 Thread 0x000001f30024d1a0 nmethod 1058 0x000001f36e538f10 code [0x000001f36e5390a0, 0x000001f36e5391f8]
Event: 0.512 Thread 0x000001f30024d1a0 1059       3       java.lang.invoke.MethodType$ConcurrentWeakInternSet::get (47 bytes)
Event: 0.512 Thread 0x000001f30024d1a0 nmethod 1059 0x000001f36e539290 code [0x000001f36e5394c0, 0x000001f36e539e58]
Event: 0.512 Thread 0x000001f30024d1a0 1061       3       jdk.internal.org.objectweb.asm.ByteVector::put11 (52 bytes)
Event: 0.512 Thread 0x000001f30024d1a0 nmethod 1061 0x000001f36e53a190 code [0x000001f36e53a340, 0x000001f36e53a548]
Event: 0.512 Thread 0x000001f30024d1a0 1060       3       java.lang.invoke.MethodType::toMethodDescriptorString (28 bytes)
Event: 0.512 Thread 0x000001f30024d1a0 nmethod 1060 0x000001f36e53a690 code [0x000001f36e53a840, 0x000001f36e53aa28]
Event: 0.517 Thread 0x000001f30024d1a0 1062       3       java.lang.StringLatin1::compareTo (52 bytes)
Event: 0.517 Thread 0x000001f30024d1a0 nmethod 1062 0x000001f36e53ab10 code [0x000001f36e53ace0, 0x000001f36e53b0b8]
Event: 0.518 Thread 0x000001f30024d1a0 1063       3       java.util.regex.Pattern::curly (66 bytes)
Event: 0.518 Thread 0x000001f30024d1a0 nmethod 1063 0x000001f36e53b290 code [0x000001f36e53b500, 0x000001f36e53c328]
Event: 0.518 Thread 0x000001f30024d1a0 1064       3       java.util.concurrent.ConcurrentHashMap$EntryIterator::next (5 bytes)
Event: 0.518 Thread 0x000001f30024d1a0 nmethod 1064 0x000001f36e53c610 code [0x000001f36e53c7a0, 0x000001f36e53c8e8]
Event: 0.518 Thread 0x000001f30024d1a0 1065       3       java.util.concurrent.ConcurrentHashMap$EntryIterator::next (51 bytes)
Event: 0.519 Thread 0x000001f30024d1a0 nmethod 1065 0x000001f36e53c990 code [0x000001f36e53cb60, 0x000001f36e53d078]
Event: 0.519 Thread 0x000001f30024d1a0 1066       3       java.util.concurrent.ConcurrentHashMap$MapEntry::<init> (20 bytes)
Event: 0.519 Thread 0x000001f30024d1a0 nmethod 1066 0x000001f36e53d210 code [0x000001f36e53d3c0, 0x000001f36e53d638]

GC Heap History (2 events):
Event: 0.388 GC heap before
{Heap before GC invocations=0 (full 0):
 garbage-first heap   total 65536K, used 28672K [0x00000000fc000000, 0x0000000100000000)
  region size 1024K, 23 young (23552K), 0 survivors (0K)
 Metaspace       used 3808K, committed 4032K, reserved 1114112K
  class space    used 489K, committed 576K, reserved 1048576K
}
Event: 0.393 GC heap after
{Heap after GC invocations=1 (full 0):
 garbage-first heap   total 65536K, used 9376K [0x00000000fc000000, 0x0000000100000000)
  region size 1024K, 3 young (3072K), 3 survivors (3072K)
 Metaspace       used 3808K, committed 4032K, reserved 1114112K
  class space    used 489K, committed 576K, reserved 1048576K
}

Deoptimization events (20 events):
Event: 0.473 Thread 0x000001f366a95e40 DEOPT PACKING pc=0x000001f375e5b2c4 sp=0x000000b6125fc040
Event: 0.473 Thread 0x000001f366a95e40 DEOPT UNPACKING pc=0x000001f3758d5ba3 sp=0x000000b6125fc008 mode 2
Event: 0.499 Thread 0x000001f366a95e40 Uncommon trap: trap_request=0xffffffc6 fr.pc=0x000001f375e82c2c relative=0x000000000000054c
Event: 0.499 Thread 0x000001f366a95e40 Uncommon trap: reason=bimorphic_or_optimized_type_check action=maybe_recompile pc=0x000001f375e82c2c method=java.util.concurrent.ConcurrentHashMap.get(Ljava/lang/Object;)Ljava/lang/Object; @ 149 c2
Event: 0.499 Thread 0x000001f366a95e40 DEOPT PACKING pc=0x000001f375e82c2c sp=0x000000b6125fb320
Event: 0.499 Thread 0x000001f366a95e40 DEOPT UNPACKING pc=0x000001f3758d5ba3 sp=0x000000b6125fb2c0 mode 2
Event: 0.499 Thread 0x000001f366a95e40 Uncommon trap: trap_request=0xffffffc6 fr.pc=0x000001f375e82c2c relative=0x000000000000054c
Event: 0.499 Thread 0x000001f366a95e40 Uncommon trap: reason=bimorphic_or_optimized_type_check action=maybe_recompile pc=0x000001f375e82c2c method=java.util.concurrent.ConcurrentHashMap.get(Ljava/lang/Object;)Ljava/lang/Object; @ 149 c2
Event: 0.499 Thread 0x000001f366a95e40 DEOPT PACKING pc=0x000001f375e82c2c sp=0x000000b6125fb320
Event: 0.499 Thread 0x000001f366a95e40 DEOPT UNPACKING pc=0x000001f3758d5ba3 sp=0x000000b6125fb2c0 mode 2
Event: 0.499 Thread 0x000001f366a95e40 Uncommon trap: trap_request=0xffffffc6 fr.pc=0x000001f375e82c2c relative=0x000000000000054c
Event: 0.499 Thread 0x000001f366a95e40 Uncommon trap: reason=bimorphic_or_optimized_type_check action=maybe_recompile pc=0x000001f375e82c2c method=java.util.concurrent.ConcurrentHashMap.get(Ljava/lang/Object;)Ljava/lang/Object; @ 149 c2
Event: 0.499 Thread 0x000001f366a95e40 DEOPT PACKING pc=0x000001f375e82c2c sp=0x000000b6125fb320
Event: 0.499 Thread 0x000001f366a95e40 DEOPT UNPACKING pc=0x000001f3758d5ba3 sp=0x000000b6125fb2c0 mode 2
Event: 0.499 Thread 0x000001f366a95e40 Uncommon trap: trap_request=0xffffffc6 fr.pc=0x000001f375e82c2c relative=0x000000000000054c
Event: 0.499 Thread 0x000001f366a95e40 Uncommon trap: reason=bimorphic_or_optimized_type_check action=maybe_recompile pc=0x000001f375e82c2c method=java.util.concurrent.ConcurrentHashMap.get(Ljava/lang/Object;)Ljava/lang/Object; @ 149 c2
Event: 0.499 Thread 0x000001f366a95e40 DEOPT PACKING pc=0x000001f375e82c2c sp=0x000000b6125fb320
Event: 0.499 Thread 0x000001f366a95e40 DEOPT UNPACKING pc=0x000001f3758d5ba3 sp=0x000000b6125fb2c0 mode 2
Event: 0.503 Thread 0x000001f366a95e40 DEOPT PACKING pc=0x000001f36e4434b8 sp=0x000000b6125f9730
Event: 0.503 Thread 0x000001f366a95e40 DEOPT UNPACKING pc=0x000001f3758d66e3 sp=0x000000b6125f8c48 mode 0

Classes unloaded (0 events):
No events

Classes redefined (0 events):
No events

Internal exceptions (14 events):
Event: 0.109 Thread 0x000001f366a95e40 Exception <a 'java/lang/NoSuchMethodError'{0x00000000ffc5bdf0}: 'int java.lang.invoke.DirectMethodHandle$Holder.invokeStaticInit(java.lang.Object, java.lang.Object)'> (0x00000000ffc5bdf0) 
thrown [s\open\src\hotspot\share\interpreter\linkResolver.cpp, line 759]
Event: 0.341 Thread 0x000001f366a95e40 Exception <a 'java/lang/NoSuchMethodError'{0x00000000febec1a0}: 'void java.lang.invoke.DirectMethodHandle$Holder.invokeStatic(java.lang.Object, java.lang.Object)'> (0x00000000febec1a0) 
thrown [s\open\src\hotspot\share\interpreter\linkResolver.cpp, line 759]
Event: 0.353 Thread 0x000001f366a95e40 Exception <a 'java/lang/NoClassDefFoundError'{0x00000000fea6c240}: org/slf4j/impl/StaticMarkerBinder> (0x00000000fea6c240) 
thrown [s\open\src\hotspot\share\classfile\systemDictionary.cpp, line 245]
Event: 0.365 Thread 0x000001f366a95e40 Exception <a 'java/lang/NoSuchMethodError'{0x00000000fe9085b0}: 'java.lang.Object java.lang.invoke.DirectMethodHandle$Holder.invokeVirtual(java.lang.Object, java.lang.Object, java.lang.Object, java.lang.Object, java.lang.Object, java.lang.Object, java.lang.Object)'> (0x00000000fe9085b0) 
thrown [s\open\src\hotspot\share\interpreter\linkResolver.cpp, line 759]
Event: 0.367 Thread 0x000001f366a95e40 Exception <a 'java/lang/NoSuchMethodError'{0x00000000fe91a148}: 'java.lang.Object java.lang.invoke.Invokers$Holder.invoker(java.lang.Object, java.lang.Object, java.lang.Object)'> (0x00000000fe91a148) 
thrown [s\open\src\hotspot\share\interpreter\linkResolver.cpp, line 759]
Event: 0.368 Thread 0x000001f366a95e40 Exception <a 'java/lang/NoSuchMethodError'{0x00000000fe923218}: 'java.lang.Object java.lang.invoke.DirectMethodHandle$Holder.invokeStatic(java.lang.Object, java.lang.Object, int)'> (0x00000000fe923218) 
thrown [s\open\src\hotspot\share\interpreter\linkResolver.cpp, line 759]
Event: 0.369 Thread 0x000001f366a95e40 Exception <a 'java/lang/NoSuchMethodError'{0x00000000fe92ef08}: 'void java.lang.invoke.DelegatingMethodHandle$Holder.delegate(java.lang.Object, java.lang.Object, int, java.lang.Object)'> (0x00000000fe92ef08) 
thrown [s\open\src\hotspot\share\interpreter\linkResolver.cpp, line 759]
Event: 0.369 Thread 0x000001f366a95e40 Exception <a 'java/lang/NoSuchMethodError'{0x00000000fe933050}: 'int java.lang.invoke.DirectMethodHandle$Holder.invokeSpecial(java.lang.Object, java.lang.Object, java.lang.Object)'> (0x00000000fe933050) 
thrown [s\open\src\hotspot\share\interpreter\linkResolver.cpp, line 759]
Event: 0.372 Thread 0x000001f366a95e40 Exception <a 'java/lang/NoSuchMethodError'{0x00000000fe946198}: 'java.lang.Object java.lang.invoke.Invokers$Holder.invokeExact_MT(java.lang.Object, java.lang.Object, java.lang.Object, java.lang.Object)'> (0x00000000fe946198) 
thrown [s\open\src\hotspot\share\interpreter\linkResolver.cpp, line 759]
Event: 0.445 Thread 0x000001f366a95e40 Exception <a 'java/lang/NoSuchMethodError'{0x00000000ffb45288}: 'java.lang.Object java.lang.invoke.DirectMethodHandle$Holder.invokeInterface(java.lang.Object, java.lang.Object, java.lang.Object)'> (0x00000000ffb45288) 
thrown [s\open\src\hotspot\share\interpreter\linkResolver.cpp, line 759]
Event: 0.447 Thread 0x000001f366a95e40 Exception <a 'java/lang/NoSuchMethodError'{0x00000000ffb66cd8}: 'void java.lang.invoke.DirectMethodHandle$Holder.invokeSpecial(java.lang.Object, java.lang.Object, java.lang.Object)'> (0x00000000ffb66cd8) 
thrown [s\open\src\hotspot\share\interpreter\linkResolver.cpp, line 759]
Event: 0.455 Thread 0x000001f366a95e40 Implicit null exception at 0x000001f375e78c93 to 0x000001f375e790cc
Event: 0.455 Thread 0x000001f366a95e40 Implicit null exception at 0x000001f375e60091 to 0x000001f375e604bc
Event: 0.466 Thread 0x000001f366a95e40 Exception <a 'java/lang/NoSuchMethodError'{0x00000000ffaf9f08}: 'java.lang.Object java.lang.invoke.DirectMethodHandle$Holder.invokeStaticInit(java.lang.Object)'> (0x00000000ffaf9f08) 
thrown [s\open\src\hotspot\share\interpreter\linkResolver.cpp, line 759]

VM Operations (14 events):
Event: 0.050 Executing VM operation: HandshakeAllThreads
Event: 0.050 Executing VM operation: HandshakeAllThreads done
Event: 0.294 Executing VM operation: HandshakeAllThreads
Event: 0.294 Executing VM operation: HandshakeAllThreads done
Event: 0.351 Executing VM operation: HandshakeAllThreads
Event: 0.351 Executing VM operation: HandshakeAllThreads done
Event: 0.368 Executing VM operation: HandshakeAllThreads
Event: 0.368 Executing VM operation: HandshakeAllThreads done
Event: 0.373 Executing VM operation: ICBufferFull
Event: 0.373 Executing VM operation: ICBufferFull done
Event: 0.388 Executing VM operation: G1CollectForAllocation
Event: 0.393 Executing VM operation: G1CollectForAllocation done
Event: 0.501 Executing VM operation: HandshakeAllThreads
Event: 0.501 Executing VM operation: HandshakeAllThreads done

Events (20 events):
Event: 0.496 loading class sun/reflect/annotation/AnnotationTypeMismatchExceptionProxy
Event: 0.496 loading class sun/reflect/annotation/ExceptionProxy
Event: 0.496 loading class sun/reflect/annotation/ExceptionProxy done
Event: 0.496 loading class sun/reflect/annotation/AnnotationTypeMismatchExceptionProxy done
Event: 0.496 loading class sun/reflect/annotation/AnnotationParser$1
Event: 0.496 loading class sun/reflect/annotation/AnnotationParser$1 done
Event: 0.496 loading class sun/reflect/annotation/AnnotationInvocationHandler
Event: 0.496 loading class sun/reflect/annotation/AnnotationInvocationHandler done
Event: 0.497 loading class java/lang/annotation/Target
Event: 0.497 loading class java/lang/annotation/Target done
Event: 0.506 loading class java/util/concurrent/atomic/Striped64$1
Event: 0.506 loading class java/util/concurrent/atomic/Striped64$1 done
Event: 0.508 loading class java/io/StreamCorruptedException
Event: 0.508 loading class java/io/StreamCorruptedException done
Event: 0.508 loading class java/util/concurrent/ConcurrentSkipListMap$EntrySet
Event: 0.508 loading class java/util/concurrent/ConcurrentSkipListMap$EntrySet done
Event: 0.508 loading class java/util/concurrent/ConcurrentSkipListMap$EntryIterator
Event: 0.509 loading class java/util/concurrent/ConcurrentSkipListMap$Iter
Event: 0.509 loading class java/util/concurrent/ConcurrentSkipListMap$Iter done
Event: 0.509 loading class java/util/concurrent/ConcurrentSkipListMap$EntryIterator done


Dynamic libraries:
0x00007ff779c20000 - 0x00007ff779c30000 	C:\Program Files\Java\jdk-17\bin\java.exe
0x00007ffaf9e30000 - 0x00007ffafa025000 	C:\Windows\SYSTEM32\ntdll.dll
0x00007ffaf7fc0000 - 0x00007ffaf807d000 	C:\Windows\System32\KERNEL32.DLL
0x00007ffaf7690000 - 0x00007ffaf7958000 	C:\Windows\System32\KERNELBASE.dll
0x00007ffaf7a40000 - 0x00007ffaf7b40000 	C:\Windows\System32\ucrtbase.dll
0x00007ffacfc20000 - 0x00007ffacfc39000 	C:\Program Files\Java\jdk-17\bin\jli.dll
0x00007ffadcc90000 - 0x00007ffadccab000 	C:\Program Files\Java\jdk-17\bin\VCRUNTIME140.dll
0x00007ffaf9720000 - 0x00007ffaf97cc000 	C:\Windows\System32\ADVAPI32.dll
0x00007ffaf8f10000 - 0x00007ffaf8fae000 	C:\Windows\System32\msvcrt.dll
0x00007ffaf8e70000 - 0x00007ffaf8f0b000 	C:\Windows\System32\sechost.dll
0x00007ffaf9070000 - 0x00007ffaf919b000 	C:\Windows\System32\RPCRT4.dll
0x00007ffaf83c0000 - 0x00007ffaf8560000 	C:\Windows\System32\USER32.dll
0x00007ffaf7e10000 - 0x00007ffaf7e32000 	C:\Windows\System32\win32u.dll
0x00007ffae1060000 - 0x00007ffae12fa000 	C:\Windows\WinSxS\amd64_microsoft.windows.common-controls_6595b64144ccf1df_6.0.19041.844_none_ca00b6081b84eb1d\COMCTL32.dll
0x00007ffaf9a30000 - 0x00007ffaf9a5a000 	C:\Windows\System32\GDI32.dll
0x00007ffaf7ba0000 - 0x00007ffaf7cab000 	C:\Windows\System32\gdi32full.dll
0x00007ffaf75f0000 - 0x00007ffaf768d000 	C:\Windows\System32\msvcp_win.dll
0x00007ffaefa90000 - 0x00007ffaefa9a000 	C:\Windows\SYSTEM32\VERSION.dll
0x00007ffaf8560000 - 0x00007ffaf8590000 	C:\Windows\System32\IMM32.DLL
0x00007ffae3630000 - 0x00007ffae363c000 	C:\Program Files\Java\jdk-17\bin\vcruntime140_1.dll
0x00007ffaaa520000 - 0x00007ffaaa5ae000 	C:\Program Files\Java\jdk-17\bin\msvcp140.dll
0x00007ffa85d20000 - 0x00007ffa868ff000 	C:\Program Files\Java\jdk-17\bin\server\jvm.dll
0x00007ffaf91a0000 - 0x00007ffaf91a8000 	C:\Windows\System32\PSAPI.DLL
0x00007ffadc700000 - 0x00007ffadc709000 	C:\Windows\SYSTEM32\WSOCK32.dll
0x00007ffae41f0000 - 0x00007ffae4217000 	C:\Windows\SYSTEM32\WINMM.dll
0x00007ffaf8e00000 - 0x00007ffaf8e6b000 	C:\Windows\System32\WS2_32.dll
0x00007ffaf5e40000 - 0x00007ffaf5e52000 	C:\Windows\SYSTEM32\kernel.appcore.dll
0x00007ffae2080000 - 0x00007ffae208a000 	C:\Program Files\Java\jdk-17\bin\jimage.dll
0x00007ffaf5c20000 - 0x00007ffaf5e04000 	C:\Windows\SYSTEM32\DBGHELP.DLL
0x00007ffae04f0000 - 0x00007ffae051c000 	C:\Windows\SYSTEM32\dbgcore.DLL
0x00007ffaf7570000 - 0x00007ffaf75f0000 	C:\Windows\System32\bcryptPrimitives.dll
0x00007ffacfbd0000 - 0x00007ffacfbf5000 	C:\Program Files\Java\jdk-17\bin\java.dll
0x00007ffa9e500000 - 0x00007ffa9e5d7000 	C:\Program Files\Java\jdk-17\bin\jsvml.dll
0x00007ffaf8590000 - 0x00007ffaf8cd2000 	C:\Windows\System32\SHELL32.dll
0x00007ffaf5480000 - 0x00007ffaf5c11000 	C:\Windows\SYSTEM32\windows.storage.dll
0x00007ffaf9a60000 - 0x00007ffaf9db5000 	C:\Windows\System32\combase.dll
0x00007ffaf6fe0000 - 0x00007ffaf700c000 	C:\Windows\SYSTEM32\Wldp.dll
0x00007ffaf97d0000 - 0x00007ffaf987e000 	C:\Windows\System32\SHCORE.dll
0x00007ffaf8360000 - 0x00007ffaf83b5000 	C:\Windows\System32\shlwapi.dll
0x00007ffaf74b0000 - 0x00007ffaf74cf000 	C:\Windows\SYSTEM32\profapi.dll
0x00007ffac6e10000 - 0x00007ffac6e29000 	C:\Program Files\Java\jdk-17\bin\net.dll
0x00007ffaf3ba0000 - 0x00007ffaf3cab000 	C:\Windows\SYSTEM32\WINHTTP.dll
0x0000000180000000 - 0x000000018008c000 	C:\Windows\system32\ASProxy64.dll
0x00007ffaf7e90000 - 0x00007ffaf7fba000 	C:\Windows\System32\ole32.dll
0x00007ffaf6d50000 - 0x00007ffaf6dba000 	C:\Windows\SYSTEM32\MSWSOCK.dll
0x00007ffaf8290000 - 0x00007ffaf835d000 	C:\Windows\System32\OLEAUT32.dll
0x00007ffaf69f0000 - 0x00007ffaf6a2b000 	C:\Windows\SYSTEM32\IPHLPAPI.DLL
0x00007ffaf7460000 - 0x00007ffaf7491000 	C:\Windows\SYSTEM32\SspiCli.dll
0x00007ffac6a50000 - 0x00007ffac6a66000 	C:\Program Files\Java\jdk-17\bin\nio.dll
0x00007ffac5ca0000 - 0x00007ffac5cb8000 	C:\Program Files\Java\jdk-17\bin\zip.dll
0x00007ffaf4a50000 - 0x00007ffaf4aee000 	C:\Windows\system32\uxtheme.dll
0x00007ffaecab0000 - 0x00007ffaecac0000 	C:\Program Files\Java\jdk-17\bin\verify.dll
0x00007ffae2ac0000 - 0x00007ffae2ae7000 	C:\Users\Alex\.gradle\native\e1d6ef7f7dcc3fd88c89a11ec53ec762bb8ba0a96d01ffa2cd45eb1d1d8dd5c5\windows-amd64\native-platform.dll
0x00007ffaed4f0000 - 0x00007ffaed4fa000 	C:\Users\Alex\.gradle\native\jansi\1.18\windows64\jansi.dll
0x00007ffac4240000 - 0x00007ffac424a000 	C:\Program Files\Java\jdk-17\bin\management.dll
0x00007ffac4230000 - 0x00007ffac423b000 	C:\Program Files\Java\jdk-17\bin\management_ext.dll

dbghelp: loaded successfully - version: 4.0.5 - missing functions: none
symbol engine: initialized successfully - sym options: 0x614 - pdb path: .;C:\Program Files\Java\jdk-17\bin;C:\Windows\SYSTEM32;C:\Windows\WinSxS\amd64_microsoft.windows.common-controls_6595b64144ccf1df_6.0.19041.844_none_ca00b6081b84eb1d;C:\Program Files\Java\jdk-17\bin\server;C:\Users\Alex\.gradle\native\e1d6ef7f7dcc3fd88c89a11ec53ec762bb8ba0a96d01ffa2cd45eb1d1d8dd5c5\windows-amd64;C:\Users\Alex\.gradle\native\jansi\1.18\windows64

VM Arguments:
jvm_args: -Xmx64m -Xms64m -Dorg.gradle.appname=gradlew 
java_command: org.gradle.wrapper.GradleWrapperMain app:installDebug -PreactNativeDevServerPort=8081
java_class_path (initial): E:\project\PrApp1\android\\gradle\wrapper\gradle-wrapper.jar
Launcher Type: SUN_STANDARD

[Global flags]
     intx CICompilerCount                          = 4                                         {product} {ergonomic}
     uint ConcGCThreads                            = 2                                         {product} {ergonomic}
     uint G1ConcRefinementThreads                  = 8                                         {product} {ergonomic}
   size_t G1HeapRegionSize                         = 1048576                                   {product} {ergonomic}
    uintx GCDrainStackTargetSize                   = 64                                        {product} {ergonomic}
   size_t InitialHeapSize                          = 67108864                                  {product} {command line}
   size_t MarkStackSize                            = 4194304                                   {product} {ergonomic}
   size_t MaxHeapSize                              = 67108864                                  {product} {command line}
   size_t MaxNewSize                               = 39845888                                  {product} {ergonomic}
   size_t MinHeapDeltaBytes                        = 1048576                                   {product} {ergonomic}
   size_t MinHeapSize                              = 67108864                                  {product} {command line}
    uintx NonNMethodCodeHeapSize                   = 5839372                                {pd product} {ergonomic}
    uintx NonProfiledCodeHeapSize                  = 122909434                              {pd product} {ergonomic}
    uintx ProfiledCodeHeapSize                     = 122909434                              {pd product} {ergonomic}
    uintx ReservedCodeCacheSize                    = 251658240                              {pd product} {ergonomic}
     bool SegmentedCodeCache                       = true                                      {product} {ergonomic}
   size_t SoftMaxHeapSize                          = 67108864                               {manageable} {ergonomic}
     bool UseCompressedClassPointers               = true                           {product lp64_product} {ergonomic}
     bool UseCompressedOops                        = true                           {product lp64_product} {ergonomic}
     bool UseG1GC                                  = true                                      {product} {ergonomic}
     bool UseLargePagesIndividualAllocation        = false                                  {pd product} {ergonomic}

Logging:
Log output configuration:
 #0: stdout all=warning uptime,level,tags
 #1: stderr all=off uptime,level,tags

Environment Variables:
JAVA_HOME=C:\Program Files\Java\jdk-17
CLASSPATH=E:\project\PrApp1\android\\gradle\wrapper\gradle-wrapper.jar
PATH=E:\project\PrApp1\android\node_modules\.bin;E:\project\PrApp1\node_modules\.bin;E:\project\node_modules\.bin;E:\node_modules\.bin;C:\Program Files\nodejs;E:\project\PrApp1\node_modules\.bin;E:\project\PrApp1\node_modules\.bin;E:\project\node_modules\.bin;E:\node_modules\.bin;C:\Program Files\nodejs\node_modules\npm\node_modules\@npmcli\run-script\lib\node-gyp-bin;C:\Program Files\Common Files\Oracle\Java\javapath;C:\Windows\system32;C:\Windows;C:\Windows\System32\Wbem;C:\Windows\System32\WindowsPowerShell\v1.0\;C:\Windows\System32\OpenSSH\;C:\Program Files (x86)\Yarn\bin\;C:\Program Files\Git\cmd;C:\Program Files\dotnet\;C:\Program Files\Bandizip\;C:\Program Files\nodejs\;C:\Users\Alex\AppData\Roaming\npm;%ANDROID_HOME%\platform-tools;C:\Users\Alex\AppData\Local\Programs\Python\Python312\Scripts\;C:\Users\Alex\AppData\Local\Programs\Python\Python312\;C:\Users\Alex\AppData\Local\Programs\Python\Launcher\;C:\Users\Alex\AppData\Local\Microsoft\WindowsApps;C:\Users\Alex\AppData\Local\Yarn\bin;C:\Users\Alex\AppData\Local\Programs\Microsoft VS Code\bin;D:\chromedriver;C:\Users\Alex\AppData\Roaming\npm;C:\Users\Alex\AppData\Local\Android\sdk\platform-tools;D:\Program Files\Nox\bin;
USERNAME=Alex
LANG=en_US.UTF-8
OS=Windows_NT
PROCESSOR_IDENTIFIER=Intel64 Family 6 Model 140 Stepping 2, GenuineIntel



---------------  S Y S T E M  ---------------

OS:
 Windows 10 , 64 bit Build 19041 (10.0.19041.928)
OS uptime: 0 days 17:44 hours

CPU: total 8 (initial active 8) (4 cores per cpu, 2 threads per core) family 6 model 140 stepping 2 microcode 0x26, cx8, cmov, fxsr, ht, mmx, 3dnowpref, sse, sse2, sse3, ssse3, sse4.1, sse4.2, popcnt, lzcnt, tsc, tscinvbit, avx, avx2, aes, erms, clmul, bmi1, bmi2, adx, avx512f, avx512dq, avx512cd, avx512bw, avx512vl, sha, fma, vzeroupper, avx512_vpopcntdq, avx512_vpclmulqdq, avx512_vaes, avx512_vnni, clflush, clflushopt, clwb, avx512_vbmi2, avx512_vbmi

Memory: 4k page, system-wide physical 16167M (613M free)
TotalPageFile size 20263M (AvailPageFile size 3M)
current process WorkingSet (physical memory assigned to process): 95M, peak: 95M
current process commit charge ("private bytes"): 167M, peak: 167M

vm_info: Java HotSpot(TM) 64-Bit Server VM (17.0.10+11-LTS-240) for windows-amd64 JRE (17.0.10+11-LTS-240), built on Dec 19 2023 21:47:25 by "mach5one" with MS VC++ 17.1 (VS2022)

END.
