#
# There is insufficient memory for the Java Runtime Environment to continue.
# Native memory allocation (malloc) failed to allocate 1048576 bytes for AllocateHeap
# Possible reasons:
#   The system is out of physical RAM or swap space
#   The process is running with CompressedOops enabled, and the Java Heap may be blocking the growth of the native heap
# Possible solutions:
#   Reduce memory load on the system
#   Increase physical memory or swap space
#   Check if swap backing store is full
#   Decrease Java heap size (-Xmx/-Xms)
#   Decrease number of Java threads
#   Decrease Java thread stack sizes (-Xss)
#   Set larger code cache with -XX:ReservedCodeCacheSize=
#   JVM is running with Unscaled Compressed Oops mode in which the Java heap is
#     placed in the first 4GB address space. The Java Heap base address is the
#     maximum limit for the native heap growth. Please use -XX:HeapBaseMinAddress
#     to set the Java Heap base and to place the Java Heap above 4GB virtual address.
# This output file may be truncated or incomplete.
#
#  Out of Memory Error (allocation.cpp:44), pid=29392, tid=5360
#
# JRE version:  (17.0.10+11) (build )
# Java VM: Java HotSpot(TM) 64-Bit Server VM (17.0.10+11-LTS-240, mixed mode, sharing, tiered, compressed oops, compressed class ptrs, g1 gc, windows-amd64)
# No core dump will be written. Minidumps are not enabled by default on client versions of Windows
#

---------------  S U M M A R Y ------------

Command Line: -Xmx64m -Xms64m -Dorg.gradle.appname=gradlew org.gradle.wrapper.GradleWrapperMain app:installDebug -PreactNativeDevServerPort=8081

Host: 11th Gen Intel(R) Core(TM) i5-1155G7 @ 2.50GHz, 8 cores, 15G,  Windows 10 , 64 bit Build 19041 (10.0.19041.928)
Time: Thu Jan 25 13:18:15 2024 Central Standard Time elapsed time: 0.007902 seconds (0d 0h 0m 0s)

---------------  T H R E A D  ---------------

Current thread (0x0000015951a36d80):  JavaThread "Unknown thread" [_thread_in_vm, id=5360, stack(0x00000035fc100000,0x00000035fc200000)]

Stack: [0x00000035fc100000,0x00000035fc200000]
Native frames: (J=compiled Java code, j=interpreted, Vv=VM code, C=native code)
V  [jvm.dll+0x677a5a]
V  [jvm.dll+0x7d8b2d]
V  [jvm.dll+0x7da48e]
V  [jvm.dll+0x7daaf3]
V  [jvm.dll+0x2455ff]
V  [jvm.dll+0xa5173]
V  [jvm.dll+0x2e30ae]
V  [jvm.dll+0x2dadcb]
V  [jvm.dll+0x7aa551]
V  [jvm.dll+0x367911]
V  [jvm.dll+0x789639]
V  [jvm.dll+0x3eb30f]
V  [jvm.dll+0x3ecd91]
C  [jli.dll+0x5297]
C  [ucrtbase.dll+0x21bb2]
C  [KERNEL32.DLL+0x17034]
C  [ntdll.dll+0x52651]


---------------  P R O C E S S  ---------------

Threads class SMR info:
_java_thread_list=0x00007ffa867d6a18, length=0, elements={
}

Java Threads: ( => current thread )

Other Threads:
  0x0000015951a59560 GCTaskThread "GC Thread#0" [stack: 0x00000035fc200000,0x00000035fc300000] [id=18176]

[error occurred during error reporting (printing all threads), id 0xc0000005, EXCEPTION_ACCESS_VIOLATION (0xc0000005) at pc=0x00007ffa86008020]

VM state: not at safepoint (not fully initialized)

VM Mutex/Monitor currently owned by a thread:  ([mutex/lock_event])
[0x0000015951a320e0] Heap_lock - owner thread: 0x0000015951a36d80

Heap address: 0x00000000fc000000, size: 64 MB, Compressed Oops mode: 32-bit

CDS archive(s) mapped at: [0x0000000000000000-0x0000000000000000-0x0000000000000000), size 0, SharedBaseAddress: 0x0000000800000000, ArchiveRelocationMode: 1.
Narrow klass base: 0x0000000000000000, Narrow klass shift: 0, Narrow klass range: 0x0

GC Precious Log:
<Empty>

Heap:
 garbage-first heap   total 0K, used 0K [0x00000000fc000000, 0x0000000100000000)
  region size 1024K, 0 young (0K), 0 survivors (0K)

[error occurred during error reporting (printing heap information), id 0xc0000005, EXCEPTION_ACCESS_VIOLATION (0xc0000005) at pc=0x00007ffa863f1249]

GC Heap History (0 events):
No events

Deoptimization events (0 events):
No events

Classes unloaded (0 events):
No events

Classes redefined (0 events):
No events

Internal exceptions (0 events):
No events

VM Operations (0 events):
No events

Events (1 events):
Event: 0.004 Loaded shared library C:\Program Files\Java\jdk-17\bin\java.dll


Dynamic libraries:
0x00007ff779c20000 - 0x00007ff779c30000 	C:\Program Files\Java\jdk-17\bin\java.exe
0x00007ffaf9e30000 - 0x00007ffafa025000 	C:\Windows\SYSTEM32\ntdll.dll
0x00007ffaf7fc0000 - 0x00007ffaf807d000 	C:\Windows\System32\KERNEL32.DLL
0x00007ffaf7690000 - 0x00007ffaf7958000 	C:\Windows\System32\KERNELBASE.dll
0x00007ffaf7a40000 - 0x00007ffaf7b40000 	C:\Windows\System32\ucrtbase.dll
0x00007ffacfc20000 - 0x00007ffacfc39000 	C:\Program Files\Java\jdk-17\bin\jli.dll
0x00007ffaf9720000 - 0x00007ffaf97cc000 	C:\Windows\System32\ADVAPI32.dll
0x00007ffadcc90000 - 0x00007ffadccab000 	C:\Program Files\Java\jdk-17\bin\VCRUNTIME140.dll
0x00007ffaf8f10000 - 0x00007ffaf8fae000 	C:\Windows\System32\msvcrt.dll
0x00007ffaf8e70000 - 0x00007ffaf8f0b000 	C:\Windows\System32\sechost.dll
0x00007ffaf9070000 - 0x00007ffaf919b000 	C:\Windows\System32\RPCRT4.dll
0x00007ffaf83c0000 - 0x00007ffaf8560000 	C:\Windows\System32\USER32.dll
0x00007ffaf7e10000 - 0x00007ffaf7e32000 	C:\Windows\System32\win32u.dll
0x00007ffae1060000 - 0x00007ffae12fa000 	C:\Windows\WinSxS\amd64_microsoft.windows.common-controls_6595b64144ccf1df_6.0.19041.844_none_ca00b6081b84eb1d\COMCTL32.dll
0x00007ffaf9a30000 - 0x00007ffaf9a5a000 	C:\Windows\System32\GDI32.dll
0x00007ffaf7ba0000 - 0x00007ffaf7cab000 	C:\Windows\System32\gdi32full.dll
0x00007ffaf75f0000 - 0x00007ffaf768d000 	C:\Windows\System32\msvcp_win.dll
0x00007ffaefa90000 - 0x00007ffaefa9a000 	C:\Windows\SYSTEM32\VERSION.dll
0x00007ffaf8560000 - 0x00007ffaf8590000 	C:\Windows\System32\IMM32.DLL
0x00007ffae3630000 - 0x00007ffae363c000 	C:\Program Files\Java\jdk-17\bin\vcruntime140_1.dll
0x00007ffaaa520000 - 0x00007ffaaa5ae000 	C:\Program Files\Java\jdk-17\bin\msvcp140.dll
0x00007ffa85d20000 - 0x00007ffa868ff000 	C:\Program Files\Java\jdk-17\bin\server\jvm.dll
0x00007ffaf91a0000 - 0x00007ffaf91a8000 	C:\Windows\System32\PSAPI.DLL
0x00007ffadc700000 - 0x00007ffadc709000 	C:\Windows\SYSTEM32\WSOCK32.dll
0x00007ffae41f0000 - 0x00007ffae4217000 	C:\Windows\SYSTEM32\WINMM.dll
0x00007ffaf8e00000 - 0x00007ffaf8e6b000 	C:\Windows\System32\WS2_32.dll
0x00007ffaf5e40000 - 0x00007ffaf5e52000 	C:\Windows\SYSTEM32\kernel.appcore.dll
0x00007ffae2080000 - 0x00007ffae208a000 	C:\Program Files\Java\jdk-17\bin\jimage.dll
0x00007ffaf5c20000 - 0x00007ffaf5e04000 	C:\Windows\SYSTEM32\DBGHELP.DLL
0x00007ffae04f0000 - 0x00007ffae051c000 	C:\Windows\SYSTEM32\dbgcore.DLL
0x00007ffaf7570000 - 0x00007ffaf75f0000 	C:\Windows\System32\bcryptPrimitives.dll
0x00007ffacfbd0000 - 0x00007ffacfbf5000 	C:\Program Files\Java\jdk-17\bin\java.dll

dbghelp: loaded successfully - version: 4.0.5 - missing functions: none
symbol engine: initialized successfully - sym options: 0x614 - pdb path: .;C:\Program Files\Java\jdk-17\bin;C:\Windows\SYSTEM32;C:\Windows\WinSxS\amd64_microsoft.windows.common-controls_6595b64144ccf1df_6.0.19041.844_none_ca00b6081b84eb1d;C:\Program Files\Java\jdk-17\bin\server

VM Arguments:
jvm_args: -Xmx64m -Xms64m -Dorg.gradle.appname=gradlew 
java_command: org.gradle.wrapper.GradleWrapperMain app:installDebug -PreactNativeDevServerPort=8081
java_class_path (initial): E:\project\PrApp1\android\\gradle\wrapper\gradle-wrapper.jar
Launcher Type: SUN_STANDARD

[Global flags]
     intx CICompilerCount                          = 4                                         {product} {ergonomic}
     uint ConcGCThreads                            = 2                                         {product} {ergonomic}
     uint G1ConcRefinementThreads                  = 8                                         {product} {ergonomic}
   size_t G1HeapRegionSize                         = 1048576                                   {product} {ergonomic}
    uintx GCDrainStackTargetSize                   = 64                                        {product} {ergonomic}
   size_t InitialHeapSize                          = 67108864                                  {product} {command line}
   size_t MarkStackSize                            = 4194304                                   {product} {ergonomic}
   size_t MaxHeapSize                              = 67108864                                  {product} {command line}
   size_t MinHeapDeltaBytes                        = 1048576                                   {product} {ergonomic}
   size_t MinHeapSize                              = 67108864                                  {product} {command line}
    uintx NonNMethodCodeHeapSize                   = 5839372                                {pd product} {ergonomic}
    uintx NonProfiledCodeHeapSize                  = 122909434                              {pd product} {ergonomic}
    uintx ProfiledCodeHeapSize                     = 122909434                              {pd product} {ergonomic}
    uintx ReservedCodeCacheSize                    = 251658240                              {pd product} {ergonomic}
     bool SegmentedCodeCache                       = true                                      {product} {ergonomic}
   size_t SoftMaxHeapSize                          = 67108864                               {manageable} {ergonomic}
     bool UseCompressedClassPointers               = true                           {product lp64_product} {ergonomic}
     bool UseCompressedOops                        = true                           {product lp64_product} {ergonomic}
     bool UseG1GC                                  = true                                      {product} {ergonomic}
     bool UseLargePagesIndividualAllocation        = false                                  {pd product} {ergonomic}

Logging:
Log output configuration:
 #0: stdout all=warning uptime,level,tags
 #1: stderr all=off uptime,level,tags

Environment Variables:
JAVA_HOME=C:\Program Files\Java\jdk-17
CLASSPATH=E:\project\PrApp1\android\\gradle\wrapper\gradle-wrapper.jar
PATH=E:\project\PrApp1\android\node_modules\.bin;E:\project\PrApp1\node_modules\.bin;E:\project\node_modules\.bin;E:\node_modules\.bin;C:\Program Files\nodejs;E:\project\PrApp1\node_modules\.bin;E:\project\PrApp1\node_modules\.bin;E:\project\node_modules\.bin;E:\node_modules\.bin;C:\Program Files\nodejs\node_modules\npm\node_modules\@npmcli\run-script\lib\node-gyp-bin;C:\Program Files\Common Files\Oracle\Java\javapath;C:\Windows\system32;C:\Windows;C:\Windows\System32\Wbem;C:\Windows\System32\WindowsPowerShell\v1.0\;C:\Windows\System32\OpenSSH\;C:\Program Files (x86)\Yarn\bin\;C:\Program Files\Git\cmd;C:\Program Files\dotnet\;C:\Program Files\Bandizip\;C:\Program Files\nodejs\;C:\Users\Alex\AppData\Roaming\npm;%ANDROID_HOME%\platform-tools;C:\Users\Alex\AppData\Local\Programs\Python\Python312\Scripts\;C:\Users\Alex\AppData\Local\Programs\Python\Python312\;C:\Users\Alex\AppData\Local\Programs\Python\Launcher\;C:\Users\Alex\AppData\Local\Microsoft\WindowsApps;C:\Users\Alex\AppData\Local\Yarn\bin;C:\Users\Alex\AppData\Local\Programs\Microsoft VS Code\bin;D:\chromedriver;C:\Users\Alex\AppData\Roaming\npm;C:\Users\Alex\AppData\Local\Android\sdk\platform-tools;D:\Program Files\Nox\bin;
USERNAME=Alex
LANG=en_US.UTF-8
OS=Windows_NT
PROCESSOR_IDENTIFIER=Intel64 Family 6 Model 140 Stepping 2, GenuineIntel



---------------  S Y S T E M  ---------------

OS:
 Windows 10 , 64 bit Build 19041 (10.0.19041.928)
OS uptime: 0 days 17:43 hours

CPU: total 8 (initial active 8) (4 cores per cpu, 2 threads per core) family 6 model 140 stepping 2 microcode 0x26, cx8, cmov, fxsr, ht, mmx, 3dnowpref, sse, sse2, sse3, ssse3, sse4.1, sse4.2, popcnt, lzcnt, tsc, tscinvbit, avx, avx2, aes, erms, clmul, bmi1, bmi2, adx, avx512f, avx512dq, avx512cd, avx512bw, avx512vl, sha, fma, vzeroupper, avx512_vpopcntdq, avx512_vpclmulqdq, avx512_vaes, avx512_vnni, clflush, clflushopt, clwb, avx512_vbmi2, avx512_vbmi

Memory: 4k page, system-wide physical 16167M (604M free)
TotalPageFile size 20263M (AvailPageFile size 5M)
current process WorkingSet (physical memory assigned to process): 10M, peak: 10M
current process commit charge ("private bytes"): 53M, peak: 54M

vm_info: Java HotSpot(TM) 64-Bit Server VM (17.0.10+11-LTS-240) for windows-amd64 JRE (17.0.10+11-LTS-240), built on Dec 19 2023 21:47:25 by "mach5one" with MS VC++ 17.1 (VS2022)

END.
