#
# There is insufficient memory for the Java Runtime Environment to continue.
# Native memory allocation (mmap) failed to map 65536 bytes for Failed to commit metaspace.
# Possible reasons:
#   The system is out of physical RAM or swap space
#   The process is running with CompressedOops enabled, and the Java Heap may be blocking the growth of the native heap
# Possible solutions:
#   Reduce memory load on the system
#   Increase physical memory or swap space
#   Check if swap backing store is full
#   Decrease Java heap size (-Xmx/-Xms)
#   Decrease number of Java threads
#   Decrease Java thread stack sizes (-Xss)
#   Set larger code cache with -XX:ReservedCodeCacheSize=
#   JVM is running with Unscaled Compressed Oops mode in which the Java heap is
#     placed in the first 4GB address space. The Java Heap base address is the
#     maximum limit for the native heap growth. Please use -XX:HeapBaseMinAddress
#     to set the Java Heap base and to place the Java Heap above 4GB virtual address.
# This output file may be truncated or incomplete.
#
#  Out of Memory Error (virtualSpaceNode.cpp:110), pid=19356, tid=14088
#
# JRE version: Java(TM) SE Runtime Environment (17.0.10+11) (build 17.0.10+11-LTS-240)
# Java VM: Java HotSpot(TM) 64-Bit Server VM (17.0.10+11-LTS-240, mixed mode, sharing, tiered, compressed oops, compressed class ptrs, g1 gc, windows-amd64)
# No core dump will be written. Minidumps are not enabled by default on client versions of Windows
#

---------------  S U M M A R Y ------------

Command Line: -Xmx64m -Xms64m -Dorg.gradle.appname=gradlew org.gradle.wrapper.GradleWrapperMain app:installDebug -PreactNativeDevServerPort=8081

Host: 11th Gen Intel(R) Core(TM) i5-1155G7 @ 2.50GHz, 8 cores, 15G,  Windows 10 , 64 bit Build 19041 (10.0.19041.928)
Time: Thu Jan 25 13:16:27 2024 Central Standard Time elapsed time: 0.435505 seconds (0d 0h 0m 0s)

---------------  T H R E A D  ---------------

Current thread (0x00000269ea465c80):  JavaThread "main" [_thread_in_vm, id=14088, stack(0x00000070e7500000,0x00000070e7600000)]

Stack: [0x00000070e7500000,0x00000070e7600000]
Native frames: (J=compiled Java code, j=interpreted, Vv=VM code, C=native code)
V  [jvm.dll+0x677a5a]
V  [jvm.dll+0x7d8b2d]
V  [jvm.dll+0x7da48e]
V  [jvm.dll+0x7daaf3]
V  [jvm.dll+0x2455ff]
V  [jvm.dll+0x7d483b]
V  [jvm.dll+0x61dc06]
V  [jvm.dll+0x1bfa87]
V  [jvm.dll+0x620570]
V  [jvm.dll+0x61e5c6]
V  [jvm.dll+0x6283a7]
V  [jvm.dll+0x1e92ed]
V  [jvm.dll+0x1e98b5]
V  [jvm.dll+0x1ea1fb]
V  [jvm.dll+0x1dfa01]
V  [jvm.dll+0x53d58c]
V  [jvm.dll+0x753438]
V  [jvm.dll+0x753524]
V  [jvm.dll+0x40babf]
V  [jvm.dll+0x411a89]
C  [java.dll+0x17ec]

Java frames: (J=compiled Java code, j=interpreted, Vv=VM code)
J 772  java.lang.ClassLoader.defineClass1(Ljava/lang/ClassLoader;Ljava/lang/String;[BIILjava/security/ProtectionDomain;Ljava/lang/String;)Ljava/lang/Class; java.base@17.0.10 (0 bytes) @ 0x0000026987b1a163 [0x0000026987b1a0a0+0x00000000000000c3]
j  java.lang.ClassLoader.defineClass(Ljava/lang/String;[BIILjava/security/ProtectionDomain;)Ljava/lang/Class;+27 java.base@17.0.10
j  java.security.SecureClassLoader.defineClass(Ljava/lang/String;[BIILjava/security/CodeSource;)Ljava/lang/Class;+12 java.base@17.0.10
J 845 c1 java.net.URLClassLoader.defineClass(Ljava/lang/String;Ljdk/internal/loader/Resource;)Ljava/lang/Class; java.base@17.0.10 (224 bytes) @ 0x0000026980196444 [0x00000269801949c0+0x0000000000001a84]
J 738 c1 java.net.URLClassLoader$1.run()Ljava/lang/Class; java.base@17.0.10 (81 bytes) @ 0x000002698014e94c [0x000002698014dd20+0x0000000000000c2c]
J 737 c1 java.net.URLClassLoader$1.run()Ljava/lang/Object; java.base@17.0.10 (5 bytes) @ 0x000002698014d844 [0x000002698014d7c0+0x0000000000000084]
J 628 c1 java.security.AccessController.doPrivileged(Ljava/security/PrivilegedExceptionAction;Ljava/security/AccessControlContext;)Ljava/lang/Object; java.base@17.0.10 (26 bytes) @ 0x00000269801127fc [0x0000026980112620+0x00000000000001dc]
J 735 c1 java.net.URLClassLoader.findClass(Ljava/lang/String;)Ljava/lang/Class; java.base@17.0.10 (47 bytes) @ 0x000002698014ca9c [0x000002698014c900+0x000000000000019c]
J 590 c1 java.lang.ClassLoader.loadClass(Ljava/lang/String;Z)Ljava/lang/Class; java.base@17.0.10 (121 bytes) @ 0x00000269800fbef4 [0x00000269800fb940+0x00000000000005b4]
J 695 c1 java.lang.ClassLoader.loadClass(Ljava/lang/String;)Ljava/lang/Class; java.base@17.0.10 (7 bytes) @ 0x0000026980138c4c [0x0000026980138b40+0x000000000000010c]
v  ~StubRoutines::call_stub
j  org.gradle.internal.typeconversion.NotationParserBuilder.create()Lorg/gradle/internal/typeconversion/NotationParser;+42
j  org.gradle.internal.typeconversion.NotationParserBuilder.toComposite()Lorg/gradle/internal/typeconversion/NotationParser;+2
j  org.gradle.api.internal.file.FileOrUriNotationConverter.parser()Lorg/gradle/internal/typeconversion/NotationParser;+23
j  org.gradle.api.internal.file.AbstractFileResolver.<init>()V+5
j  org.gradle.api.internal.file.IdentityFileResolver.<init>()V+1
j  org.gradle.api.internal.file.DefaultFileLookup.<init>()V+9
v  ~StubRoutines::call_stub
j  jdk.internal.reflect.NativeConstructorAccessorImpl.newInstance0(Ljava/lang/reflect/Constructor;[Ljava/lang/Object;)Ljava/lang/Object;+0 java.base@17.0.10
j  jdk.internal.reflect.NativeConstructorAccessorImpl.newInstance([Ljava/lang/Object;)Ljava/lang/Object;+118 java.base@17.0.10
j  jdk.internal.reflect.DelegatingConstructorAccessorImpl.newInstance([Ljava/lang/Object;)Ljava/lang/Object;+5 java.base@17.0.10
j  java.lang.reflect.Constructor.newInstanceWithCaller([Ljava/lang/Object;ZLjava/lang/Class;)Ljava/lang/Object;+65 java.base@17.0.10
j  java.lang.reflect.Constructor.newInstance([Ljava/lang/Object;)Ljava/lang/Object;+30 java.base@17.0.10
j  org.gradle.internal.service.DefaultServiceRegistry$ConstructorService.invokeMethod([Ljava/lang/Object;)Ljava/lang/Object;+5
j  org.gradle.internal.service.DefaultServiceRegistry$FactoryService.createServiceInstance()Ljava/lang/Object;+7
j  org.gradle.internal.service.DefaultServiceRegistry$ManagedObjectServiceProvider.getInstance()Ljava/lang/Object;+24
j  org.gradle.internal.service.DefaultServiceRegistry$SingletonService.get()Ljava/lang/Object;+1
j  org.gradle.internal.service.DefaultServiceRegistry$FactoryService.assembleParameters()[Ljava/lang/Object;+44
j  org.gradle.internal.service.DefaultServiceRegistry$FactoryService.createServiceInstance()Ljava/lang/Object;+1
j  org.gradle.internal.service.DefaultServiceRegistry$ManagedObjectServiceProvider.getInstance()Ljava/lang/Object;+24
j  org.gradle.internal.service.DefaultServiceRegistry$SingletonService.get()Ljava/lang/Object;+1
j  org.gradle.internal.service.DefaultServiceRegistry$FactoryService.assembleParameters()[Ljava/lang/Object;+44
j  org.gradle.internal.service.DefaultServiceRegistry$FactoryService.createServiceInstance()Ljava/lang/Object;+1
j  org.gradle.internal.service.DefaultServiceRegistry$ManagedObjectServiceProvider.getInstance()Ljava/lang/Object;+24
j  org.gradle.internal.service.DefaultServiceRegistry$SingletonService.get()Ljava/lang/Object;+1
j  org.gradle.internal.service.DefaultServiceRegistry.find(Ljava/lang/reflect/Type;)Ljava/lang/Object;+22
j  org.gradle.internal.service.DefaultServiceRegistry.get(Ljava/lang/reflect/Type;)Ljava/lang/Object;+2
j  org.gradle.internal.service.DefaultServiceRegistry.get(Ljava/lang/Class;)Ljava/lang/Object;+3
j  org.gradle.launcher.cli.BuildActionsFactory.<init>(Lorg/gradle/internal/service/ServiceRegistry;)V+46
j  org.gradle.launcher.cli.DefaultCommandLineActionFactory.createBuildActionFactoryActionCreator(Lorg/gradle/internal/service/ServiceRegistry;Ljava/util/List;)V+6
j  org.gradle.launcher.cli.DefaultCommandLineActionFactory$ParseAndBuildAction.execute(Lorg/gradle/launcher/bootstrap/ExecutionListener;)V+12
j  org.gradle.launcher.cli.DefaultCommandLineActionFactory$ParseAndBuildAction.execute(Ljava/lang/Object;)V+5
j  org.gradle.launcher.cli.DebugLoggerWarningAction.execute(Lorg/gradle/launcher/bootstrap/ExecutionListener;)V+9
j  org.gradle.launcher.cli.DebugLoggerWarningAction.execute(Ljava/lang/Object;)V+5
j  org.gradle.launcher.cli.WelcomeMessageAction.execute(Lorg/gradle/launcher/bootstrap/ExecutionListener;)V+218
j  org.gradle.launcher.cli.WelcomeMessageAction.execute(Ljava/lang/Object;)V+5
j  org.gradle.launcher.cli.NativeServicesInitializingAction.execute(Lorg/gradle/launcher/bootstrap/ExecutionListener;)V+35
j  org.gradle.launcher.cli.NativeServicesInitializingAction.execute(Ljava/lang/Object;)V+5
j  org.gradle.launcher.cli.ExceptionReportingAction.execute(Lorg/gradle/launcher/bootstrap/ExecutionListener;)V+5
j  org.gradle.launcher.cli.ExceptionReportingAction.execute(Ljava/lang/Object;)V+5
j  org.gradle.launcher.cli.DefaultCommandLineActionFactory$WithLogging.execute(Lorg/gradle/launcher/bootstrap/ExecutionListener;)V+299
j  org.gradle.launcher.Main.doAction([Ljava/lang/String;Lorg/gradle/launcher/bootstrap/ExecutionListener;)V+14
j  org.gradle.launcher.bootstrap.EntryPoint.run([Ljava/lang/String;)V+12
v  ~StubRoutines::call_stub
j  jdk.internal.reflect.NativeMethodAccessorImpl.invoke0(Ljava/lang/reflect/Method;Ljava/lang/Object;[Ljava/lang/Object;)Ljava/lang/Object;+0 java.base@17.0.10
j  jdk.internal.reflect.NativeMethodAccessorImpl.invoke(Ljava/lang/Object;[Ljava/lang/Object;)Ljava/lang/Object;+133 java.base@17.0.10
j  jdk.internal.reflect.DelegatingMethodAccessorImpl.invoke(Ljava/lang/Object;[Ljava/lang/Object;)Ljava/lang/Object;+6 java.base@17.0.10
j  java.lang.reflect.Method.invoke(Ljava/lang/Object;[Ljava/lang/Object;)Ljava/lang/Object;+59 java.base@17.0.10
j  org.gradle.launcher.bootstrap.ProcessBootstrap.runNoExit(Ljava/lang/String;[Ljava/lang/String;)V+159
j  org.gradle.launcher.bootstrap.ProcessBootstrap.run(Ljava/lang/String;[Ljava/lang/String;)V+2
v  ~StubRoutines::call_stub
j  jdk.internal.reflect.NativeMethodAccessorImpl.invoke0(Ljava/lang/reflect/Method;Ljava/lang/Object;[Ljava/lang/Object;)Ljava/lang/Object;+0 java.base@17.0.10
j  jdk.internal.reflect.NativeMethodAccessorImpl.invoke(Ljava/lang/Object;[Ljava/lang/Object;)Ljava/lang/Object;+133 java.base@17.0.10
j  jdk.internal.reflect.DelegatingMethodAccessorImpl.invoke(Ljava/lang/Object;[Ljava/lang/Object;)Ljava/lang/Object;+6 java.base@17.0.10
j  java.lang.reflect.Method.invoke(Ljava/lang/Object;[Ljava/lang/Object;)Ljava/lang/Object;+59 java.base@17.0.10
j  org.gradle.launcher.GradleMain.main([Ljava/lang/String;)V+100
v  ~StubRoutines::call_stub
j  jdk.internal.reflect.NativeMethodAccessorImpl.invoke0(Ljava/lang/reflect/Method;Ljava/lang/Object;[Ljava/lang/Object;)Ljava/lang/Object;+0 java.base@17.0.10
j  jdk.internal.reflect.NativeMethodAccessorImpl.invoke(Ljava/lang/Object;[Ljava/lang/Object;)Ljava/lang/Object;+133 java.base@17.0.10
j  jdk.internal.reflect.DelegatingMethodAccessorImpl.invoke(Ljava/lang/Object;[Ljava/lang/Object;)Ljava/lang/Object;+6 java.base@17.0.10
j  java.lang.reflect.Method.invoke(Ljava/lang/Object;[Ljava/lang/Object;)Ljava/lang/Object;+59 java.base@17.0.10
j  org.gradle.wrapper.BootstrapMainStarter.start([Ljava/lang/String;Ljava/io/File;)V+105
j  org.gradle.wrapper.WrapperExecutor.execute([Ljava/lang/String;Lorg/gradle/wrapper/Install;Lorg/gradle/wrapper/BootstrapMainStarter;)V+14
j  org.gradle.wrapper.GradleWrapperMain.main([Ljava/lang/String;)V+190
v  ~StubRoutines::call_stub

---------------  P R O C E S S  ---------------

Threads class SMR info:
_java_thread_list=0x00000269fc274cf0, length=14, elements={
0x00000269ea465c80, 0x00000269f6b4d950, 0x00000269f6b4e510, 0x00000269f6b66120,
0x00000269f6b68bf0, 0x00000269f6b6b5c0, 0x00000269f6b6c590, 0x00000269f6b6daa0,
0x00000269f6b793b0, 0x00000269f6b7d900, 0x00000269fb046d10, 0x00000269fb04a650,
0x00000269fb36fe50, 0x00000269fbe06020
}

Java Threads: ( => current thread )
=>0x00000269ea465c80 JavaThread "main" [_thread_in_vm, id=14088, stack(0x00000070e7500000,0x00000070e7600000)]
  0x00000269f6b4d950 JavaThread "Reference Handler" daemon [_thread_blocked, id=33336, stack(0x00000070e7c00000,0x00000070e7d00000)]
  0x00000269f6b4e510 JavaThread "Finalizer" daemon [_thread_blocked, id=30188, stack(0x00000070e7d00000,0x00000070e7e00000)]
  0x00000269f6b66120 JavaThread "Signal Dispatcher" daemon [_thread_blocked, id=27032, stack(0x00000070e7e00000,0x00000070e7f00000)]
  0x00000269f6b68bf0 JavaThread "Attach Listener" daemon [_thread_blocked, id=26308, stack(0x00000070e7f00000,0x00000070e8000000)]
  0x00000269f6b6b5c0 JavaThread "Service Thread" daemon [_thread_blocked, id=16312, stack(0x00000070e8000000,0x00000070e8100000)]
  0x00000269f6b6c590 JavaThread "Monitor Deflation Thread" daemon [_thread_blocked, id=8508, stack(0x00000070e8100000,0x00000070e8200000)]
  0x00000269f6b6daa0 JavaThread "C2 CompilerThread0" daemon [_thread_blocked, id=30520, stack(0x00000070e8200000,0x00000070e8300000)]
  0x00000269f6b793b0 JavaThread "C1 CompilerThread0" daemon [_thread_blocked, id=33600, stack(0x00000070e8300000,0x00000070e8400000)]
  0x00000269f6b7d900 JavaThread "Sweeper thread" daemon [_thread_blocked, id=20100, stack(0x00000070e8400000,0x00000070e8500000)]
  0x00000269fb046d10 JavaThread "Notification Thread" daemon [_thread_blocked, id=22320, stack(0x00000070e8500000,0x00000070e8600000)]
  0x00000269fb04a650 JavaThread "Common-Cleaner" daemon [_thread_blocked, id=8104, stack(0x00000070e8700000,0x00000070e8800000)]
  0x00000269fb36fe50 JavaThread "C2 CompilerThread1" daemon [_thread_blocked, id=31072, stack(0x00000070e9000000,0x00000070e9100000)]
  0x00000269fbe06020 JavaThread "pool-1-thread-1" [_thread_blocked, id=26892, stack(0x00000070e9640000,0x00000070e9740000)]

Other Threads:
  0x00000269f6b47ea0 VMThread "VM Thread" [stack: 0x00000070e7b00000,0x00000070e7c00000] [id=31640]
  0x00000269fb04a210 WatcherThread [stack: 0x00000070e8600000,0x00000070e8700000] [id=31112]
  0x00000269ea487180 GCTaskThread "GC Thread#0" [stack: 0x00000070e7600000,0x00000070e7700000] [id=24896]
  0x00000269fba2a440 GCTaskThread "GC Thread#1" [stack: 0x00000070e9240000,0x00000070e9340000] [id=30068]
  0x00000269fbea5930 GCTaskThread "GC Thread#2" [stack: 0x00000070e9340000,0x00000070e9440000] [id=14752]
  0x00000269fba07300 GCTaskThread "GC Thread#3" [stack: 0x00000070e9440000,0x00000070e9540000] [id=9444]
  0x00000269fba075c0 GCTaskThread "GC Thread#4" [stack: 0x00000070e9540000,0x00000070e9640000] [id=31212]
  0x00000269ea4888d0 ConcurrentGCThread "G1 Main Marker" [stack: 0x00000070e7700000,0x00000070e7800000] [id=32148]
  0x00000269ea4892e0 ConcurrentGCThread "G1 Conc#0" [stack: 0x00000070e7800000,0x00000070e7900000] [id=33560]
  0x00000269ea4ea550 ConcurrentGCThread "G1 Refine#0" [stack: 0x00000070e7900000,0x00000070e7a00000] [id=14148]
  0x00000269ea4eaf80 ConcurrentGCThread "G1 Service" [stack: 0x00000070e7a00000,0x00000070e7b00000] [id=27160]

Threads with active compile tasks:

VM state: not at safepoint (normal execution)

VM Mutex/Monitor currently owned by a thread:  ([mutex/lock_event])
[0x00000269ea4630d0] Metaspace_lock - owner thread: 0x00000269ea465c80

Heap address: 0x00000000fc000000, size: 64 MB, Compressed Oops mode: 32-bit

CDS archive(s) mapped at: [0x000002698f000000-0x000002698fbd0000-0x000002698fbd0000), size 12386304, SharedBaseAddress: 0x000002698f000000, ArchiveRelocationMode: 1.
Compressed class space mapped at: 0x0000026990000000-0x00000269d0000000, reserved size: 1073741824
Narrow klass base: 0x000002698f000000, Narrow klass shift: 0, Narrow klass range: 0x100000000

GC Precious Log:
 CPUs: 8 total, 8 available
 Memory: 16167M
 Large Page Support: Disabled
 NUMA Support: Disabled
 Compressed Oops: Enabled (32-bit)
 Heap Region Size: 1M
 Heap Min Capacity: 64M
 Heap Initial Capacity: 64M
 Heap Max Capacity: 64M
 Pre-touch: Disabled
 Parallel Workers: 8
 Concurrent Workers: 2
 Concurrent Refinement Workers: 8
 Periodic GC: Disabled

Heap:
 garbage-first heap   total 65536K, used 11488K [0x00000000fc000000, 0x0000000100000000)
  region size 1024K, 6 young (6144K), 3 survivors (3072K)
 Metaspace       used 4486K, committed 4672K, reserved 1114112K
  class space    used 590K, committed 704K, reserved 1048576K

Heap Regions: E=young(eden), S=young(survivor), O=old, HS=humongous(starts), HC=humongous(continues), CS=collection set, F=free, OA=open archive, CA=closed archive, TAMS=top-at-mark-start (previous, next)
|   0|0x00000000fc000000, 0x00000000fc000000, 0x00000000fc100000|  0%| F|  |TAMS 0x00000000fc000000, 0x00000000fc000000| Untracked 
|   1|0x00000000fc100000, 0x00000000fc100000, 0x00000000fc200000|  0%| F|  |TAMS 0x00000000fc100000, 0x00000000fc100000| Untracked 
|   2|0x00000000fc200000, 0x00000000fc200000, 0x00000000fc300000|  0%| F|  |TAMS 0x00000000fc200000, 0x00000000fc200000| Untracked 
|   3|0x00000000fc300000, 0x00000000fc400000, 0x00000000fc400000|100%|HS|  |TAMS 0x00000000fc300000, 0x00000000fc300000| Complete 
|   4|0x00000000fc400000, 0x00000000fc500000, 0x00000000fc500000|100%|HC|  |TAMS 0x00000000fc400000, 0x00000000fc400000| Complete 
|   5|0x00000000fc500000, 0x00000000fc600000, 0x00000000fc600000|100%|HC|  |TAMS 0x00000000fc500000, 0x00000000fc500000| Complete 
|   6|0x00000000fc600000, 0x00000000fc700000, 0x00000000fc700000|100%| O|  |TAMS 0x00000000fc600000, 0x00000000fc600000| Untracked 
|   7|0x00000000fc700000, 0x00000000fc800000, 0x00000000fc800000|100%| O|  |TAMS 0x00000000fc700000, 0x00000000fc700000| Untracked 
|   8|0x00000000fc800000, 0x00000000fc900000, 0x00000000fc900000|100%| O|  |TAMS 0x00000000fc800000, 0x00000000fc800000| Untracked 
|   9|0x00000000fc900000, 0x00000000fc938000, 0x00000000fca00000| 21%| O|  |TAMS 0x00000000fc900000, 0x00000000fc900000| Untracked 
|  10|0x00000000fca00000, 0x00000000fca00000, 0x00000000fcb00000|  0%| F|  |TAMS 0x00000000fca00000, 0x00000000fca00000| Untracked 
|  11|0x00000000fcb00000, 0x00000000fcb00000, 0x00000000fcc00000|  0%| F|  |TAMS 0x00000000fcb00000, 0x00000000fcb00000| Untracked 
|  12|0x00000000fcc00000, 0x00000000fcc00000, 0x00000000fcd00000|  0%| F|  |TAMS 0x00000000fcc00000, 0x00000000fcc00000| Untracked 
|  13|0x00000000fcd00000, 0x00000000fcd00000, 0x00000000fce00000|  0%| F|  |TAMS 0x00000000fcd00000, 0x00000000fcd00000| Untracked 
|  14|0x00000000fce00000, 0x00000000fce00000, 0x00000000fcf00000|  0%| F|  |TAMS 0x00000000fce00000, 0x00000000fce00000| Untracked 
|  15|0x00000000fcf00000, 0x00000000fcf00000, 0x00000000fd000000|  0%| F|  |TAMS 0x00000000fcf00000, 0x00000000fcf00000| Untracked 
|  16|0x00000000fd000000, 0x00000000fd000000, 0x00000000fd100000|  0%| F|  |TAMS 0x00000000fd000000, 0x00000000fd000000| Untracked 
|  17|0x00000000fd100000, 0x00000000fd100000, 0x00000000fd200000|  0%| F|  |TAMS 0x00000000fd100000, 0x00000000fd100000| Untracked 
|  18|0x00000000fd200000, 0x00000000fd200000, 0x00000000fd300000|  0%| F|  |TAMS 0x00000000fd200000, 0x00000000fd200000| Untracked 
|  19|0x00000000fd300000, 0x00000000fd300000, 0x00000000fd400000|  0%| F|  |TAMS 0x00000000fd300000, 0x00000000fd300000| Untracked 
|  20|0x00000000fd400000, 0x00000000fd400000, 0x00000000fd500000|  0%| F|  |TAMS 0x00000000fd400000, 0x00000000fd400000| Untracked 
|  21|0x00000000fd500000, 0x00000000fd500000, 0x00000000fd600000|  0%| F|  |TAMS 0x00000000fd500000, 0x00000000fd500000| Untracked 
|  22|0x00000000fd600000, 0x00000000fd600000, 0x00000000fd700000|  0%| F|  |TAMS 0x00000000fd600000, 0x00000000fd600000| Untracked 
|  23|0x00000000fd700000, 0x00000000fd700000, 0x00000000fd800000|  0%| F|  |TAMS 0x00000000fd700000, 0x00000000fd700000| Untracked 
|  24|0x00000000fd800000, 0x00000000fd800000, 0x00000000fd900000|  0%| F|  |TAMS 0x00000000fd800000, 0x00000000fd800000| Untracked 
|  25|0x00000000fd900000, 0x00000000fd900000, 0x00000000fda00000|  0%| F|  |TAMS 0x00000000fd900000, 0x00000000fd900000| Untracked 
|  26|0x00000000fda00000, 0x00000000fda00000, 0x00000000fdb00000|  0%| F|  |TAMS 0x00000000fda00000, 0x00000000fda00000| Untracked 
|  27|0x00000000fdb00000, 0x00000000fdb00000, 0x00000000fdc00000|  0%| F|  |TAMS 0x00000000fdb00000, 0x00000000fdb00000| Untracked 
|  28|0x00000000fdc00000, 0x00000000fdc00000, 0x00000000fdd00000|  0%| F|  |TAMS 0x00000000fdc00000, 0x00000000fdc00000| Untracked 
|  29|0x00000000fdd00000, 0x00000000fdd00000, 0x00000000fde00000|  0%| F|  |TAMS 0x00000000fdd00000, 0x00000000fdd00000| Untracked 
|  30|0x00000000fde00000, 0x00000000fde00000, 0x00000000fdf00000|  0%| F|  |TAMS 0x00000000fde00000, 0x00000000fde00000| Untracked 
|  31|0x00000000fdf00000, 0x00000000fdf00000, 0x00000000fe000000|  0%| F|  |TAMS 0x00000000fdf00000, 0x00000000fdf00000| Untracked 
|  32|0x00000000fe000000, 0x00000000fe000000, 0x00000000fe100000|  0%| F|  |TAMS 0x00000000fe000000, 0x00000000fe000000| Untracked 
|  33|0x00000000fe100000, 0x00000000fe100000, 0x00000000fe200000|  0%| F|  |TAMS 0x00000000fe100000, 0x00000000fe100000| Untracked 
|  34|0x00000000fe200000, 0x00000000fe200000, 0x00000000fe300000|  0%| F|  |TAMS 0x00000000fe200000, 0x00000000fe200000| Untracked 
|  35|0x00000000fe300000, 0x00000000fe300000, 0x00000000fe400000|  0%| F|  |TAMS 0x00000000fe300000, 0x00000000fe300000| Untracked 
|  36|0x00000000fe400000, 0x00000000fe400000, 0x00000000fe500000|  0%| F|  |TAMS 0x00000000fe400000, 0x00000000fe400000| Untracked 
|  37|0x00000000fe500000, 0x00000000fe500000, 0x00000000fe600000|  0%| F|  |TAMS 0x00000000fe500000, 0x00000000fe500000| Untracked 
|  38|0x00000000fe600000, 0x00000000fe700000, 0x00000000fe700000|100%| S|CS|TAMS 0x00000000fe600000, 0x00000000fe600000| Complete 
|  39|0x00000000fe700000, 0x00000000fe800000, 0x00000000fe800000|100%| S|CS|TAMS 0x00000000fe700000, 0x00000000fe700000| Complete 
|  40|0x00000000fe800000, 0x00000000fe900000, 0x00000000fe900000|100%| S|CS|TAMS 0x00000000fe800000, 0x00000000fe800000| Complete 
|  41|0x00000000fe900000, 0x00000000fe900000, 0x00000000fea00000|  0%| F|  |TAMS 0x00000000fe900000, 0x00000000fe900000| Untracked 
|  42|0x00000000fea00000, 0x00000000fea00000, 0x00000000feb00000|  0%| F|  |TAMS 0x00000000fea00000, 0x00000000fea00000| Untracked 
|  43|0x00000000feb00000, 0x00000000feb00000, 0x00000000fec00000|  0%| F|  |TAMS 0x00000000feb00000, 0x00000000feb00000| Untracked 
|  44|0x00000000fec00000, 0x00000000fec00000, 0x00000000fed00000|  0%| F|  |TAMS 0x00000000fec00000, 0x00000000fec00000| Untracked 
|  45|0x00000000fed00000, 0x00000000fed00000, 0x00000000fee00000|  0%| F|  |TAMS 0x00000000fed00000, 0x00000000fed00000| Untracked 
|  46|0x00000000fee00000, 0x00000000fee00000, 0x00000000fef00000|  0%| F|  |TAMS 0x00000000fee00000, 0x00000000fee00000| Untracked 
|  47|0x00000000fef00000, 0x00000000fef00000, 0x00000000ff000000|  0%| F|  |TAMS 0x00000000fef00000, 0x00000000fef00000| Untracked 
|  48|0x00000000ff000000, 0x00000000ff000000, 0x00000000ff100000|  0%| F|  |TAMS 0x00000000ff000000, 0x00000000ff000000| Untracked 
|  49|0x00000000ff100000, 0x00000000ff100000, 0x00000000ff200000|  0%| F|  |TAMS 0x00000000ff100000, 0x00000000ff100000| Untracked 
|  50|0x00000000ff200000, 0x00000000ff200000, 0x00000000ff300000|  0%| F|  |TAMS 0x00000000ff200000, 0x00000000ff200000| Untracked 
|  51|0x00000000ff300000, 0x00000000ff300000, 0x00000000ff400000|  0%| F|  |TAMS 0x00000000ff300000, 0x00000000ff300000| Untracked 
|  52|0x00000000ff400000, 0x00000000ff400000, 0x00000000ff500000|  0%| F|  |TAMS 0x00000000ff400000, 0x00000000ff400000| Untracked 
|  53|0x00000000ff500000, 0x00000000ff500000, 0x00000000ff600000|  0%| F|  |TAMS 0x00000000ff500000, 0x00000000ff500000| Untracked 
|  54|0x00000000ff600000, 0x00000000ff600000, 0x00000000ff700000|  0%| F|  |TAMS 0x00000000ff600000, 0x00000000ff600000| Untracked 
|  55|0x00000000ff700000, 0x00000000ff700000, 0x00000000ff800000|  0%| F|  |TAMS 0x00000000ff700000, 0x00000000ff700000| Untracked 
|  56|0x00000000ff800000, 0x00000000ff800000, 0x00000000ff900000|  0%| F|  |TAMS 0x00000000ff800000, 0x00000000ff800000| Untracked 
|  57|0x00000000ff900000, 0x00000000ff900000, 0x00000000ffa00000|  0%| F|  |TAMS 0x00000000ff900000, 0x00000000ff900000| Untracked 
|  58|0x00000000ffa00000, 0x00000000ffa00000, 0x00000000ffb00000|  0%| F|  |TAMS 0x00000000ffa00000, 0x00000000ffa00000| Untracked 
|  59|0x00000000ffb00000, 0x00000000ffb00000, 0x00000000ffc00000|  0%| F|  |TAMS 0x00000000ffb00000, 0x00000000ffb00000| Untracked 
|  60|0x00000000ffc00000, 0x00000000ffc00000, 0x00000000ffd00000|  0%| F|  |TAMS 0x00000000ffc00000, 0x00000000ffc00000| Untracked 
|  61|0x00000000ffd00000, 0x00000000ffde1da0, 0x00000000ffe00000| 88%| E|  |TAMS 0x00000000ffd00000, 0x00000000ffd00000| Complete 
|  62|0x00000000ffe00000, 0x00000000fff00000, 0x00000000fff00000|100%| E|CS|TAMS 0x00000000ffe00000, 0x00000000ffe00000| Complete 
|  63|0x00000000fff00000, 0x0000000100000000, 0x0000000100000000|100%| E|CS|TAMS 0x00000000fff00000, 0x00000000fff00000| Complete 

Card table byte_map: [0x00000269f3f60000,0x00000269f3f80000] _byte_map_base: 0x00000269f3780000

Marking Bits (Prev, Next): (CMBitMap*) 0x00000269ea4877a0, (CMBitMap*) 0x00000269ea4877e0
 Prev Bits: [0x00000269f3fa0000, 0x00000269f40a0000)
 Next Bits: [0x00000269f40a0000, 0x00000269f41a0000)

Polling page: 0x00000269ea320000

Metaspace:

Usage:
  Non-class:      3.80 MB used.
      Class:    590.21 KB used.
       Both:      4.38 MB used.

Virtual space:
  Non-class space:       64.00 MB reserved,       3.88 MB (  6%) committed,  1 nodes.
      Class space:        1.00 GB reserved,     704.00 KB ( <1%) committed,  1 nodes.
             Both:        1.06 GB reserved,       4.56 MB ( <1%) committed. 

Chunk freelists:
   Non-Class:  10.17 MB
       Class:  15.34 MB
        Both:  25.52 MB

MaxMetaspaceSize: unlimited
CompressedClassSpaceSize: 1.00 GB
Initial GC threshold: 21.00 MB
Current GC threshold: 21.00 MB
CDS: on
MetaspaceReclaimPolicy: balanced
 - commit_granule_bytes: 65536.
 - commit_granule_words: 8192.
 - virtual_space_node_default_size: 8388608.
 - enlarge_chunks_in_place: 1.
 - new_chunks_are_fully_committed: 0.
 - uncommit_free_chunks: 1.
 - use_allocation_guard: 0.
 - handle_deallocations: 1.


Internal statistics:

num_allocs_failed_limit: 0.
num_arena_births: 44.
num_arena_deaths: 0.
num_vsnodes_births: 2.
num_vsnodes_deaths: 0.
num_space_committed: 73.
num_space_uncommitted: 0.
num_chunks_returned_to_freelist: 0.
num_chunks_taken_from_freelist: 153.
num_chunk_merges: 0.
num_chunk_splits: 102.
num_chunks_enlarged: 89.
num_inconsistent_stats: 0.

CodeHeap 'non-profiled nmethods': size=120000Kb used=371Kb max_used=371Kb free=119628Kb
 bounds [0x0000026987ad0000, 0x0000026987d40000, 0x000002698f000000]
CodeHeap 'profiled nmethods': size=120000Kb used=1683Kb max_used=1683Kb free=118316Kb
 bounds [0x0000026980000000, 0x0000026980270000, 0x0000026987530000]
CodeHeap 'non-nmethods': size=5760Kb used=1147Kb max_used=1177Kb free=4613Kb
 bounds [0x0000026987530000, 0x00000269877a0000, 0x0000026987ad0000]
 total_blobs=1299 nmethods=878 adapters=334
 compilation: enabled
              stopped_count=0, restarted_count=0
 full_count=0

Compilation events (20 events):
Event: 0.426 Thread 0x00000269f6b793b0 nmethod 869 0x0000026987b2a010 code [0x0000026987b2a1a0, 0x0000026987b2a278]
Event: 0.426 Thread 0x00000269f6b793b0  870       3       java.util.ArrayList::<init> (12 bytes)
Event: 0.426 Thread 0x00000269fb36fe50  873       4       java.lang.CharacterData::of (136 bytes)
Event: 0.427 Thread 0x00000269f6b793b0 nmethod 870 0x00000269801a2010 code [0x00000269801a21c0, 0x00000269801a2458]
Event: 0.427 Thread 0x00000269f6b793b0  871       3       sun.reflect.generics.parser.SignatureParser::current (59 bytes)
Event: 0.427 Thread 0x00000269fb36fe50 nmethod 873 0x0000026987b2a310 code [0x0000026987b2a480, 0x0000026987b2a4f8]
Event: 0.427 Thread 0x00000269f6b793b0 nmethod 871 0x00000269801a2590 code [0x00000269801a27a0, 0x00000269801a2e78]
Event: 0.427 Thread 0x00000269f6b793b0  872       3       sun.reflect.generics.parser.SignatureParser::advance (53 bytes)
Event: 0.427 Thread 0x00000269f6b793b0 nmethod 872 0x00000269801a3110 code [0x00000269801a32c0, 0x00000269801a3518]
Event: 0.427 Thread 0x00000269f6b793b0  874       3       java.lang.Character::isWhitespace (5 bytes)
Event: 0.427 Thread 0x00000269f6b793b0 nmethod 874 0x00000269801a3610 code [0x00000269801a37c0, 0x00000269801a3a18]
Event: 0.427 Thread 0x00000269f6b793b0  875       3       java.lang.Character::isWhitespace (9 bytes)
Event: 0.427 Thread 0x00000269f6b793b0 nmethod 875 0x00000269801a3b10 code [0x00000269801a3cc0, 0x00000269801a3eb8]
Event: 0.427 Thread 0x00000269f6b793b0  876       3       java.lang.CharacterDataLatin1::isWhitespace (23 bytes)
Event: 0.427 Thread 0x00000269f6b793b0 nmethod 876 0x00000269801a3f90 code [0x00000269801a4140, 0x00000269801a4338]
Event: 0.429 Thread 0x00000269f6b793b0  877       3       java.lang.invoke.MemberName::flagsMods (73 bytes)
Event: 0.429 Thread 0x00000269f6b793b0 nmethod 877 0x00000269801a4490 code [0x00000269801a4620, 0x00000269801a4758]
Event: 0.429 Thread 0x00000269f6b793b0  878       3       java.lang.invoke.MemberName::init (67 bytes)
Event: 0.429 Thread 0x00000269f6b793b0 nmethod 878 0x00000269801a4810 code [0x00000269801a49c0, 0x00000269801a4bf8]
Event: 0.430 Thread 0x00000269fb36fe50  879   !   4       java.util.concurrent.ConcurrentHashMap::putVal (432 bytes)

GC Heap History (2 events):
Event: 0.390 GC heap before
{Heap before GC invocations=0 (full 0):
 garbage-first heap   total 65536K, used 28672K [0x00000000fc000000, 0x0000000100000000)
  region size 1024K, 23 young (23552K), 0 survivors (0K)
 Metaspace       used 3807K, committed 4032K, reserved 1114112K
  class space    used 487K, committed 576K, reserved 1048576K
}
Event: 0.395 GC heap after
{Heap after GC invocations=1 (full 0):
 garbage-first heap   total 65536K, used 9440K [0x00000000fc000000, 0x0000000100000000)
  region size 1024K, 3 young (3072K), 3 survivors (3072K)
 Metaspace       used 3807K, committed 4032K, reserved 1114112K
  class space    used 487K, committed 576K, reserved 1048576K
}

Deoptimization events (20 events):
Event: 0.324 Thread 0x00000269ea465c80 Uncommon trap: trap_request=0xffffffde fr.pc=0x0000026987aef0ec relative=0x000000000000038c
Event: 0.324 Thread 0x00000269ea465c80 Uncommon trap: reason=class_check action=maybe_recompile pc=0x0000026987aef0ec method=java.util.regex.Matcher.match(II)Z @ 121 c2
Event: 0.324 Thread 0x00000269ea465c80 DEOPT PACKING pc=0x0000026987aef0ec sp=0x00000070e75fce00
Event: 0.324 Thread 0x00000269ea465c80 DEOPT UNPACKING pc=0x0000026987585ba3 sp=0x00000070e75fcda8 mode 2
Event: 0.326 Thread 0x00000269ea465c80 Uncommon trap: trap_request=0xffffff45 fr.pc=0x0000026987adcfd8 relative=0x0000000000000058
Event: 0.326 Thread 0x00000269ea465c80 Uncommon trap: reason=unstable_if action=reinterpret pc=0x0000026987adcfd8 method=java.util.regex.Pattern.has(I)Z @ 6 c2
Event: 0.326 Thread 0x00000269ea465c80 DEOPT PACKING pc=0x0000026987adcfd8 sp=0x00000070e75fcc00
Event: 0.326 Thread 0x00000269ea465c80 DEOPT UNPACKING pc=0x0000026987585ba3 sp=0x00000070e75fcb90 mode 2
Event: 0.344 Thread 0x00000269ea465c80 Uncommon trap: trap_request=0xffffff45 fr.pc=0x0000026987b17d48 relative=0x0000000000001508
Event: 0.344 Thread 0x00000269ea465c80 Uncommon trap: reason=unstable_if action=reinterpret pc=0x0000026987b17d48 method=java.io.WinNTFileSystem.normalize(Ljava/lang/String;)Ljava/lang/String; @ 40 c2
Event: 0.344 Thread 0x00000269ea465c80 DEOPT PACKING pc=0x0000026987b17d48 sp=0x00000070e75fb9e0
Event: 0.344 Thread 0x00000269ea465c80 DEOPT UNPACKING pc=0x0000026987585ba3 sp=0x00000070e75fb9c8 mode 2
Event: 0.390 Thread 0x00000269ea465c80 DEOPT PACKING pc=0x00000269801145a7 sp=0x00000070e75fb000
Event: 0.390 Thread 0x00000269ea465c80 DEOPT UNPACKING pc=0x00000269875866e3 sp=0x00000070e75fa460 mode 0
Event: 0.404 Thread 0x00000269ea465c80 Uncommon trap: trap_request=0xffffff45 fr.pc=0x0000026987af22d4 relative=0x0000000000000a54
Event: 0.404 Thread 0x00000269ea465c80 Uncommon trap: reason=unstable_if action=reinterpret pc=0x0000026987af22d4 method=java.io.WinNTFileSystem.resolve(Ljava/lang/String;Ljava/lang/String;)Ljava/lang/String; @ 70 c2
Event: 0.404 Thread 0x00000269ea465c80 DEOPT PACKING pc=0x0000026987af22d4 sp=0x00000070e75fbc80
Event: 0.404 Thread 0x00000269ea465c80 DEOPT UNPACKING pc=0x0000026987585ba3 sp=0x00000070e75fbc20 mode 2
Event: 0.423 Thread 0x00000269ea465c80 DEOPT PACKING pc=0x000002698005b056 sp=0x00000070e75f87b0
Event: 0.423 Thread 0x00000269ea465c80 DEOPT UNPACKING pc=0x00000269875866e3 sp=0x00000070e75f7c38 mode 0

Classes unloaded (0 events):
No events

Classes redefined (0 events):
No events

Internal exceptions (9 events):
Event: 0.093 Thread 0x00000269ea465c80 Exception <a 'java/lang/NoSuchMethodError'{0x00000000ffc5bdf0}: 'int java.lang.invoke.DirectMethodHandle$Holder.invokeStaticInit(java.lang.Object, java.lang.Object)'> (0x00000000ffc5bdf0) 
thrown [s\open\src\hotspot\share\interpreter\linkResolver.cpp, line 759]
Event: 0.327 Thread 0x00000269ea465c80 Exception <a 'java/lang/NoSuchMethodError'{0x00000000febec220}: 'void java.lang.invoke.DirectMethodHandle$Holder.invokeStatic(java.lang.Object, java.lang.Object)'> (0x00000000febec220) 
thrown [s\open\src\hotspot\share\interpreter\linkResolver.cpp, line 759]
Event: 0.346 Thread 0x00000269ea465c80 Exception <a 'java/lang/NoClassDefFoundError'{0x00000000fea6c4a8}: org/slf4j/impl/StaticMarkerBinder> (0x00000000fea6c4a8) 
thrown [s\open\src\hotspot\share\classfile\systemDictionary.cpp, line 245]
Event: 0.361 Thread 0x00000269ea465c80 Exception <a 'java/lang/NoSuchMethodError'{0x00000000fe908c10}: 'java.lang.Object java.lang.invoke.DirectMethodHandle$Holder.invokeVirtual(java.lang.Object, java.lang.Object, java.lang.Object, java.lang.Object, java.lang.Object, java.lang.Object, java.lang.Object)'> (0x00000000fe908c10) 
thrown [s\open\src\hotspot\share\interpreter\linkResolver.cpp, line 759]
Event: 0.363 Thread 0x00000269ea465c80 Exception <a 'java/lang/NoSuchMethodError'{0x00000000fe91a208}: 'java.lang.Object java.lang.invoke.Invokers$Holder.invoker(java.lang.Object, java.lang.Object, java.lang.Object)'> (0x00000000fe91a208) 
thrown [s\open\src\hotspot\share\interpreter\linkResolver.cpp, line 759]
Event: 0.364 Thread 0x00000269ea465c80 Exception <a 'java/lang/NoSuchMethodError'{0x00000000fe9232d8}: 'java.lang.Object java.lang.invoke.DirectMethodHandle$Holder.invokeStatic(java.lang.Object, java.lang.Object, int)'> (0x00000000fe9232d8) 
thrown [s\open\src\hotspot\share\interpreter\linkResolver.cpp, line 759]
Event: 0.366 Thread 0x00000269ea465c80 Exception <a 'java/lang/NoSuchMethodError'{0x00000000fe92efc8}: 'void java.lang.invoke.DelegatingMethodHandle$Holder.delegate(java.lang.Object, java.lang.Object, int, java.lang.Object)'> (0x00000000fe92efc8) 
thrown [s\open\src\hotspot\share\interpreter\linkResolver.cpp, line 759]
Event: 0.367 Thread 0x00000269ea465c80 Exception <a 'java/lang/NoSuchMethodError'{0x00000000fe933110}: 'int java.lang.invoke.DirectMethodHandle$Holder.invokeSpecial(java.lang.Object, java.lang.Object, java.lang.Object)'> (0x00000000fe933110) 
thrown [s\open\src\hotspot\share\interpreter\linkResolver.cpp, line 759]
Event: 0.369 Thread 0x00000269ea465c80 Exception <a 'java/lang/NoSuchMethodError'{0x00000000fe946258}: 'java.lang.Object java.lang.invoke.Invokers$Holder.invokeExact_MT(java.lang.Object, java.lang.Object, java.lang.Object, java.lang.Object)'> (0x00000000fe946258) 
thrown [s\open\src\hotspot\share\interpreter\linkResolver.cpp, line 759]

VM Operations (10 events):
Event: 0.041 Executing VM operation: HandshakeAllThreads
Event: 0.041 Executing VM operation: HandshakeAllThreads done
Event: 0.278 Executing VM operation: HandshakeAllThreads
Event: 0.278 Executing VM operation: HandshakeAllThreads done
Event: 0.343 Executing VM operation: HandshakeAllThreads
Event: 0.343 Executing VM operation: HandshakeAllThreads done
Event: 0.364 Executing VM operation: HandshakeAllThreads
Event: 0.364 Executing VM operation: HandshakeAllThreads done
Event: 0.390 Executing VM operation: G1CollectForAllocation
Event: 0.395 Executing VM operation: G1CollectForAllocation done

Events (20 events):
Event: 0.418 loading class java/util/concurrent/ThreadPoolExecutor$Worker done
Event: 0.418 loading class java/lang/Thread$State
Event: 0.418 loading class java/lang/Thread$State done
Event: 0.418 Thread 0x00000269fbe06020 Thread added: 0x00000269fbe06020
Event: 0.419 loading class java/util/concurrent/TimeUnit$1
Event: 0.419 loading class java/util/concurrent/TimeUnit$1 done
Event: 0.419 loading class java/util/concurrent/locks/AbstractQueuedSynchronizer$ConditionNode
Event: 0.419 loading class java/util/concurrent/ForkJoinPool$ManagedBlocker
Event: 0.419 loading class java/util/concurrent/ForkJoinPool$ManagedBlocker done
Event: 0.419 loading class java/util/concurrent/locks/AbstractQueuedSynchronizer$Node
Event: 0.419 loading class java/util/concurrent/locks/AbstractQueuedSynchronizer$Node done
Event: 0.419 loading class java/util/concurrent/locks/AbstractQueuedSynchronizer$ConditionNode done
Event: 0.426 loading class sun/reflect/generics/scope/MethodScope
Event: 0.426 loading class sun/reflect/generics/scope/MethodScope done
Event: 0.426 loading class sun/reflect/generics/repository/MethodRepository
Event: 0.426 loading class sun/reflect/generics/repository/ConstructorRepository
Event: 0.426 loading class sun/reflect/generics/repository/ConstructorRepository done
Event: 0.426 loading class sun/reflect/generics/repository/MethodRepository done
Event: 0.426 loading class sun/reflect/generics/tree/MethodTypeSignature
Event: 0.426 loading class sun/reflect/generics/tree/MethodTypeSignature done


Dynamic libraries:
0x00007ff779c20000 - 0x00007ff779c30000 	C:\Program Files\Java\jdk-17\bin\java.exe
0x00007ffaf9e30000 - 0x00007ffafa025000 	C:\Windows\SYSTEM32\ntdll.dll
0x00007ffaf7fc0000 - 0x00007ffaf807d000 	C:\Windows\System32\KERNEL32.DLL
0x00007ffaf7690000 - 0x00007ffaf7958000 	C:\Windows\System32\KERNELBASE.dll
0x00007ffaf7a40000 - 0x00007ffaf7b40000 	C:\Windows\System32\ucrtbase.dll
0x00007ffacfc20000 - 0x00007ffacfc39000 	C:\Program Files\Java\jdk-17\bin\jli.dll
0x00007ffadcc90000 - 0x00007ffadccab000 	C:\Program Files\Java\jdk-17\bin\VCRUNTIME140.dll
0x00007ffaf9720000 - 0x00007ffaf97cc000 	C:\Windows\System32\ADVAPI32.dll
0x00007ffaf8f10000 - 0x00007ffaf8fae000 	C:\Windows\System32\msvcrt.dll
0x00007ffaf8e70000 - 0x00007ffaf8f0b000 	C:\Windows\System32\sechost.dll
0x00007ffaf9070000 - 0x00007ffaf919b000 	C:\Windows\System32\RPCRT4.dll
0x00007ffaf83c0000 - 0x00007ffaf8560000 	C:\Windows\System32\USER32.dll
0x00007ffaf7e10000 - 0x00007ffaf7e32000 	C:\Windows\System32\win32u.dll
0x00007ffae1060000 - 0x00007ffae12fa000 	C:\Windows\WinSxS\amd64_microsoft.windows.common-controls_6595b64144ccf1df_6.0.19041.844_none_ca00b6081b84eb1d\COMCTL32.dll
0x00007ffaf9a30000 - 0x00007ffaf9a5a000 	C:\Windows\System32\GDI32.dll
0x00007ffaf7ba0000 - 0x00007ffaf7cab000 	C:\Windows\System32\gdi32full.dll
0x00007ffaf75f0000 - 0x00007ffaf768d000 	C:\Windows\System32\msvcp_win.dll
0x00007ffaefa90000 - 0x00007ffaefa9a000 	C:\Windows\SYSTEM32\VERSION.dll
0x00007ffaf8560000 - 0x00007ffaf8590000 	C:\Windows\System32\IMM32.DLL
0x00007ffae3630000 - 0x00007ffae363c000 	C:\Program Files\Java\jdk-17\bin\vcruntime140_1.dll
0x00007ffaaa520000 - 0x00007ffaaa5ae000 	C:\Program Files\Java\jdk-17\bin\msvcp140.dll
0x00007ffa85d20000 - 0x00007ffa868ff000 	C:\Program Files\Java\jdk-17\bin\server\jvm.dll
0x00007ffaf91a0000 - 0x00007ffaf91a8000 	C:\Windows\System32\PSAPI.DLL
0x00007ffae41f0000 - 0x00007ffae4217000 	C:\Windows\SYSTEM32\WINMM.dll
0x00007ffadc700000 - 0x00007ffadc709000 	C:\Windows\SYSTEM32\WSOCK32.dll
0x00007ffaf8e00000 - 0x00007ffaf8e6b000 	C:\Windows\System32\WS2_32.dll
0x00007ffaf5e40000 - 0x00007ffaf5e52000 	C:\Windows\SYSTEM32\kernel.appcore.dll
0x00007ffae2080000 - 0x00007ffae208a000 	C:\Program Files\Java\jdk-17\bin\jimage.dll
0x00007ffaf5c20000 - 0x00007ffaf5e04000 	C:\Windows\SYSTEM32\DBGHELP.DLL
0x00007ffae04f0000 - 0x00007ffae051c000 	C:\Windows\SYSTEM32\dbgcore.DLL
0x00007ffaf7570000 - 0x00007ffaf75f0000 	C:\Windows\System32\bcryptPrimitives.dll
0x00007ffacfbd0000 - 0x00007ffacfbf5000 	C:\Program Files\Java\jdk-17\bin\java.dll
0x00007ffa9e500000 - 0x00007ffa9e5d7000 	C:\Program Files\Java\jdk-17\bin\jsvml.dll
0x00007ffaf8590000 - 0x00007ffaf8cd2000 	C:\Windows\System32\SHELL32.dll
0x00007ffaf5480000 - 0x00007ffaf5c11000 	C:\Windows\SYSTEM32\windows.storage.dll
0x00007ffaf9a60000 - 0x00007ffaf9db5000 	C:\Windows\System32\combase.dll
0x00007ffaf6fe0000 - 0x00007ffaf700c000 	C:\Windows\SYSTEM32\Wldp.dll
0x00007ffaf97d0000 - 0x00007ffaf987e000 	C:\Windows\System32\SHCORE.dll
0x00007ffaf8360000 - 0x00007ffaf83b5000 	C:\Windows\System32\shlwapi.dll
0x00007ffaf74b0000 - 0x00007ffaf74cf000 	C:\Windows\SYSTEM32\profapi.dll
0x00007ffac6e10000 - 0x00007ffac6e29000 	C:\Program Files\Java\jdk-17\bin\net.dll
0x00007ffaf3ba0000 - 0x00007ffaf3cab000 	C:\Windows\SYSTEM32\WINHTTP.dll
0x0000000180000000 - 0x000000018008c000 	C:\Windows\system32\ASProxy64.dll
0x00007ffaf7e90000 - 0x00007ffaf7fba000 	C:\Windows\System32\ole32.dll
0x00007ffaf8290000 - 0x00007ffaf835d000 	C:\Windows\System32\OLEAUT32.dll
0x00007ffaf6d50000 - 0x00007ffaf6dba000 	C:\Windows\SYSTEM32\MSWSOCK.dll
0x00007ffaf69f0000 - 0x00007ffaf6a2b000 	C:\Windows\SYSTEM32\IPHLPAPI.DLL
0x00007ffaf7460000 - 0x00007ffaf7491000 	C:\Windows\SYSTEM32\SspiCli.dll
0x00007ffac6a50000 - 0x00007ffac6a66000 	C:\Program Files\Java\jdk-17\bin\nio.dll
0x00007ffac5ca0000 - 0x00007ffac5cb8000 	C:\Program Files\Java\jdk-17\bin\zip.dll
0x00007ffaf4a50000 - 0x00007ffaf4aee000 	C:\Windows\system32\uxtheme.dll
0x00007ffaecab0000 - 0x00007ffaecac0000 	C:\Program Files\Java\jdk-17\bin\verify.dll
0x00007ffae2ac0000 - 0x00007ffae2ae7000 	C:\Users\Alex\.gradle\native\e1d6ef7f7dcc3fd88c89a11ec53ec762bb8ba0a96d01ffa2cd45eb1d1d8dd5c5\windows-amd64\native-platform.dll
0x00007ffaed240000 - 0x00007ffaed24a000 	C:\Users\Alex\.gradle\native\jansi\1.18\windows64\jansi.dll

dbghelp: loaded successfully - version: 4.0.5 - missing functions: none
symbol engine: initialized successfully - sym options: 0x614 - pdb path: .;C:\Program Files\Java\jdk-17\bin;C:\Windows\SYSTEM32;C:\Windows\WinSxS\amd64_microsoft.windows.common-controls_6595b64144ccf1df_6.0.19041.844_none_ca00b6081b84eb1d;C:\Program Files\Java\jdk-17\bin\server;C:\Users\Alex\.gradle\native\e1d6ef7f7dcc3fd88c89a11ec53ec762bb8ba0a96d01ffa2cd45eb1d1d8dd5c5\windows-amd64;C:\Users\Alex\.gradle\native\jansi\1.18\windows64

VM Arguments:
jvm_args: -Xmx64m -Xms64m -Dorg.gradle.appname=gradlew 
java_command: org.gradle.wrapper.GradleWrapperMain app:installDebug -PreactNativeDevServerPort=8081
java_class_path (initial): E:\project\PrApp1\android\\gradle\wrapper\gradle-wrapper.jar
Launcher Type: SUN_STANDARD

[Global flags]
     intx CICompilerCount                          = 4                                         {product} {ergonomic}
     uint ConcGCThreads                            = 2                                         {product} {ergonomic}
     uint G1ConcRefinementThreads                  = 8                                         {product} {ergonomic}
   size_t G1HeapRegionSize                         = 1048576                                   {product} {ergonomic}
    uintx GCDrainStackTargetSize                   = 64                                        {product} {ergonomic}
   size_t InitialHeapSize                          = 67108864                                  {product} {command line}
   size_t MarkStackSize                            = 4194304                                   {product} {ergonomic}
   size_t MaxHeapSize                              = 67108864                                  {product} {command line}
   size_t MaxNewSize                               = 39845888                                  {product} {ergonomic}
   size_t MinHeapDeltaBytes                        = 1048576                                   {product} {ergonomic}
   size_t MinHeapSize                              = 67108864                                  {product} {command line}
    uintx NonNMethodCodeHeapSize                   = 5839372                                {pd product} {ergonomic}
    uintx NonProfiledCodeHeapSize                  = 122909434                              {pd product} {ergonomic}
    uintx ProfiledCodeHeapSize                     = 122909434                              {pd product} {ergonomic}
    uintx ReservedCodeCacheSize                    = 251658240                              {pd product} {ergonomic}
     bool SegmentedCodeCache                       = true                                      {product} {ergonomic}
   size_t SoftMaxHeapSize                          = 67108864                               {manageable} {ergonomic}
     bool UseCompressedClassPointers               = true                           {product lp64_product} {ergonomic}
     bool UseCompressedOops                        = true                           {product lp64_product} {ergonomic}
     bool UseG1GC                                  = true                                      {product} {ergonomic}
     bool UseLargePagesIndividualAllocation        = false                                  {pd product} {ergonomic}

Logging:
Log output configuration:
 #0: stdout all=warning uptime,level,tags
 #1: stderr all=off uptime,level,tags

Environment Variables:
JAVA_HOME=C:\Program Files\Java\jdk-17
CLASSPATH=E:\project\PrApp1\android\\gradle\wrapper\gradle-wrapper.jar
PATH=E:\project\PrApp1\android\node_modules\.bin;E:\project\PrApp1\node_modules\.bin;E:\project\node_modules\.bin;E:\node_modules\.bin;C:\Program Files\nodejs;E:\project\PrApp1\node_modules\.bin;E:\project\PrApp1\node_modules\.bin;E:\project\node_modules\.bin;E:\node_modules\.bin;C:\Program Files\nodejs\node_modules\npm\node_modules\@npmcli\run-script\lib\node-gyp-bin;C:\Program Files\Common Files\Oracle\Java\javapath;C:\Windows\system32;C:\Windows;C:\Windows\System32\Wbem;C:\Windows\System32\WindowsPowerShell\v1.0\;C:\Windows\System32\OpenSSH\;C:\Program Files (x86)\Yarn\bin\;C:\Program Files\Git\cmd;C:\Program Files\dotnet\;C:\Program Files\Bandizip\;C:\Program Files\nodejs\;C:\Users\Alex\AppData\Roaming\npm;%ANDROID_HOME%\platform-tools;C:\Users\Alex\AppData\Local\Programs\Python\Python312\Scripts\;C:\Users\Alex\AppData\Local\Programs\Python\Python312\;C:\Users\Alex\AppData\Local\Programs\Python\Launcher\;C:\Users\Alex\AppData\Local\Microsoft\WindowsApps;C:\Users\Alex\AppData\Local\Yarn\bin;C:\Users\Alex\AppData\Local\Programs\Microsoft VS Code\bin;D:\chromedriver;C:\Users\Alex\AppData\Roaming\npm;C:\Users\Alex\AppData\Local\Android\sdk\platform-tools;D:\Program Files\Nox\bin;
USERNAME=Alex
LANG=en_US.UTF-8
OS=Windows_NT
PROCESSOR_IDENTIFIER=Intel64 Family 6 Model 140 Stepping 2, GenuineIntel



---------------  S Y S T E M  ---------------

OS:
 Windows 10 , 64 bit Build 19041 (10.0.19041.928)
OS uptime: 0 days 17:42 hours

CPU: total 8 (initial active 8) (4 cores per cpu, 2 threads per core) family 6 model 140 stepping 2 microcode 0x26, cx8, cmov, fxsr, ht, mmx, 3dnowpref, sse, sse2, sse3, ssse3, sse4.1, sse4.2, popcnt, lzcnt, tsc, tscinvbit, avx, avx2, aes, erms, clmul, bmi1, bmi2, adx, avx512f, avx512dq, avx512cd, avx512bw, avx512vl, sha, fma, vzeroupper, avx512_vpopcntdq, avx512_vpclmulqdq, avx512_vaes, avx512_vnni, clflush, clflushopt, clwb, avx512_vbmi2, avx512_vbmi

Memory: 4k page, system-wide physical 16167M (618M free)
TotalPageFile size 20263M (AvailPageFile size 1M)
current process WorkingSet (physical memory assigned to process): 89M, peak: 89M
current process commit charge ("private bytes"): 162M, peak: 162M

vm_info: Java HotSpot(TM) 64-Bit Server VM (17.0.10+11-LTS-240) for windows-amd64 JRE (17.0.10+11-LTS-240), built on Dec 19 2023 21:47:25 by "mach5one" with MS VC++ 17.1 (VS2022)

END.
